This is pdfTeX, Version 3.141592653-2.6-1.40.25 (TeX Live 2023) (preloaded format=pdflatex 2024.3.9)  19 APR 2024 23:23
entering extended mode
 restricted \write18 enabled.
 file:line:error style messages enabled.
 %&-line parsing enabled.
**"c:/Users/carlo/Desktop/PoliTO/[LM-32]_Laurea Magistrale/IAnno__2023_2024/2__[01RKXOV]_Non_linear_control_and_Aerospace_Applications/NCAA_LectureNotes/main.tex"
(c:/Users/carlo/Desktop/PoliTO/[LM-32]_Laurea Magistrale/IAnno__2023_2024/2__[01RKXOV]_Non_linear_control_and_Aerospace_Applications/NCAA_LectureNotes/main.tex
LaTeX2e <2023-11-01> patch level 1
L3 programming layer <2024-02-20>
(c:/texlive/2023/texmf-dist/tex/latex/base/report.cls
Document Class: report 2023/05/17 v1.4n Standard LaTeX document class
(c:/texlive/2023/texmf-dist/tex/latex/base/size12.clo
File: size12.clo 2023/05/17 v1.4n Standard LaTeX file (size option)
)
\c@part=\count188
\c@chapter=\count189
\c@section=\count190
\c@subsection=\count191
\c@subsubsection=\count192
\c@paragraph=\count193
\c@subparagraph=\count194
\c@figure=\count195
\c@table=\count196
\abovecaptionskip=\skip48
\belowcaptionskip=\skip49
\bibindent=\dimen140
) (c:/texlive/2023/texmf-dist/tex/latex/graphics/graphicx.sty
Package: graphicx 2021/09/16 v1.2d Enhanced LaTeX Graphics (DPC,SPQR)
 (c:/texlive/2023/texmf-dist/tex/latex/graphics/keyval.sty
Package: keyval 2022/05/29 v1.15 key=value parser (DPC)
\KV@toks@=\toks17
) (c:/texlive/2023/texmf-dist/tex/latex/graphics/graphics.sty
Package: graphics 2022/03/10 v1.4e Standard LaTeX Graphics (DPC,SPQR)
 (c:/texlive/2023/texmf-dist/tex/latex/graphics/trig.sty
Package: trig 2021/08/11 v1.11 sin cos tan (DPC)
) (c:/texlive/2023/texmf-dist/tex/latex/graphics-cfg/graphics.cfg
File: graphics.cfg 2016/06/04 v1.11 sample graphics configuration
)
Package graphics Info: Driver file: pdftex.def on input line 107.
 (c:/texlive/2023/texmf-dist/tex/latex/graphics-def/pdftex.def
File: pdftex.def 2022/09/22 v1.2b Graphics/color driver for pdftex
))
\Gin@req@height=\dimen141
\Gin@req@width=\dimen142
) (c:/texlive/2023/texmf-dist/tex/latex/base/fontenc.sty
Package: fontenc 2021/04/29 v2.0v Standard LaTeX package
) (c:/texlive/2023/texmf-dist/tex/latex/base/inputenc.sty
Package: inputenc 2021/02/14 v1.3d Input encoding file
\inpenc@prehook=\toks18
\inpenc@posthook=\toks19
 (c:/texlive/2023/texmf-dist/tex/latex/base/latin1.def
File: latin1.def 2021/02/14 v1.3d Input encoding file
)) (c:/texlive/2023/texmf-dist/tex/latex/glossaries/base/glossaries.sty
Package: glossaries 2023/09/29 v4.53 (NLCT)
 (c:/texlive/2023/texmf-dist/tex/latex/base/ifthen.sty
Package: ifthen 2022/04/13 v1.1d Standard LaTeX ifthen package (DPC)
) (c:/texlive/2023/texmf-dist/tex/latex/xkeyval/xkeyval.sty
Package: xkeyval 2022/06/16 v2.9 package option processing (HA)
 (c:/texlive/2023/texmf-dist/tex/generic/xkeyval/xkeyval.tex (c:/texlive/2023/texmf-dist/tex/generic/xkeyval/xkvutils.tex
\XKV@toks=\toks20
\XKV@tempa@toks=\toks21
)
\XKV@depth=\count197
File: xkeyval.tex 2014/12/03 v2.7a key=value parser (HA)
)) (c:/texlive/2023/texmf-dist/tex/latex/mfirstuc/mfirstuc.sty
Package: mfirstuc 2022/10/14 v2.08 (NLCT)
 (c:/texlive/2023/texmf-dist/tex/latex/etoolbox/etoolbox.sty
Package: etoolbox 2020/10/05 v2.5k e-TeX tools for LaTeX (JAW)
\etb@tempcnta=\count198
)
\@glsmfirst=\toks22
\@glsmrest=\toks23
) (c:/texlive/2023/texmf-dist/tex/latex/xfor/xfor.sty
Package: xfor 2009/02/05 v1.05 (NLCT)
) (c:/texlive/2023/texmf-dist/tex/latex/datatool/datatool-base.sty
Package: datatool-base 2019/09/27 v2.32 (NLCT)
 (c:/texlive/2023/texmf-dist/tex/latex/amsmath/amsmath.sty
Package: amsmath 2023/05/13 v2.17o AMS math features
\@mathmargin=\skip50

For additional information on amsmath, use the `?' option.
(c:/texlive/2023/texmf-dist/tex/latex/amsmath/amstext.sty
Package: amstext 2021/08/26 v2.01 AMS text
 (c:/texlive/2023/texmf-dist/tex/latex/amsmath/amsgen.sty
File: amsgen.sty 1999/11/30 v2.0 generic functions
\@emptytoks=\toks24
\ex@=\dimen143
)) (c:/texlive/2023/texmf-dist/tex/latex/amsmath/amsbsy.sty
Package: amsbsy 1999/11/29 v1.2d Bold Symbols
\pmbraise@=\dimen144
) (c:/texlive/2023/texmf-dist/tex/latex/amsmath/amsopn.sty
Package: amsopn 2022/04/08 v2.04 operator names
)
\inf@bad=\count199
LaTeX Info: Redefining \frac on input line 234.
\uproot@=\count266
\leftroot@=\count267
LaTeX Info: Redefining \overline on input line 399.
LaTeX Info: Redefining \colon on input line 410.
\classnum@=\count268
\DOTSCASE@=\count269
LaTeX Info: Redefining \ldots on input line 496.
LaTeX Info: Redefining \dots on input line 499.
LaTeX Info: Redefining \cdots on input line 620.
\Mathstrutbox@=\box51
\strutbox@=\box52
LaTeX Info: Redefining \big on input line 722.
LaTeX Info: Redefining \Big on input line 723.
LaTeX Info: Redefining \bigg on input line 724.
LaTeX Info: Redefining \Bigg on input line 725.
\big@size=\dimen145
LaTeX Font Info:    Redeclaring font encoding OML on input line 743.
LaTeX Font Info:    Redeclaring font encoding OMS on input line 744.
\macc@depth=\count270
LaTeX Info: Redefining \bmod on input line 905.
LaTeX Info: Redefining \pmod on input line 910.
LaTeX Info: Redefining \smash on input line 940.
LaTeX Info: Redefining \relbar on input line 970.
LaTeX Info: Redefining \Relbar on input line 971.
\c@MaxMatrixCols=\count271
\dotsspace@=\muskip16
\c@parentequation=\count272
\dspbrk@lvl=\count273
\tag@help=\toks25
\row@=\count274
\column@=\count275
\maxfields@=\count276
\andhelp@=\toks26
\eqnshift@=\dimen146
\alignsep@=\dimen147
\tagshift@=\dimen148
\tagwidth@=\dimen149
\totwidth@=\dimen150
\lineht@=\dimen151
\@envbody=\toks27
\multlinegap=\skip51
\multlinetaggap=\skip52
\mathdisplay@stack=\toks28
LaTeX Info: Redefining \[ on input line 2953.
LaTeX Info: Redefining \] on input line 2954.
) (c:/texlive/2023/texmf-dist/tex/latex/substr/substr.sty
Package: substr 2009/10/20 v1.2 Handle substrings
\c@su@anzahl=\count277
) (c:/texlive/2023/texmf-dist/tex/latex/datatool/datatool-fp.sty
Package: datatool-fp 2019/09/27 v2.32 (NLCT)
 (c:/texlive/2023/texmf-dist/tex/latex/fp/fp.sty
Package: fp 1995/04/02
 `Fixed Point Package', Version 0.8, April 2, 1995 (C) Michael Mehlich (c:/texlive/2023/texmf-dist/tex/latex/fp/defpattern.sty
Package: defpattern 1994/10/12
\actioncount=\count278
) (c:/texlive/2023/texmf-dist/tex/latex/fp/fp-basic.sty
Package: fp-basic 1996/05/13
\FP@xs=\count279
\FP@xia=\count280
\FP@xib=\count281
\FP@xfa=\count282
\FP@xfb=\count283
\FP@rega=\count284
\FP@regb=\count285
\FP@regs=\count286
\FP@times=\count287
) (c:/texlive/2023/texmf-dist/tex/latex/fp/fp-addons.sty
Package: fp-addons 1995/03/15
) (c:/texlive/2023/texmf-dist/tex/latex/fp/fp-snap.sty
Package: fp-snap 1995/04/05
) (c:/texlive/2023/texmf-dist/tex/latex/fp/fp-exp.sty
Package: fp-exp 1995/04/03
) (c:/texlive/2023/texmf-dist/tex/latex/fp/fp-trigo.sty
Package: fp-trigo 1995/04/14
) (c:/texlive/2023/texmf-dist/tex/latex/fp/fp-pas.sty
Package: fp-pas 1994/08/29
) (c:/texlive/2023/texmf-dist/tex/latex/fp/fp-random.sty
Package: fp-random 1995/02/23
\FPseed=\count288
) (c:/texlive/2023/texmf-dist/tex/latex/fp/fp-eqn.sty
Package: fp-eqn 1995/04/03
) (c:/texlive/2023/texmf-dist/tex/latex/fp/fp-upn.sty
Package: fp-upn 1996/10/21
) (c:/texlive/2023/texmf-dist/tex/latex/fp/fp-eval.sty
Package: fp-eval 1995/04/03
)))
\@dtl@toks=\toks29
\@dtl@tmpcount=\count289
\dtl@tmplength=\skip53
\dtl@sortresult=\count290
\@dtl@numgrpsepcount=\count291
\@dtl@datatype=\count292
\dtl@codeA=\count293
\dtl@codeB=\count294
\@dtl@foreach@level=\count295
)
\gls@level=\count296
\@gls@tmpb=\toks30
\gls@tmplen=\skip54
\glskeylisttok=\toks31
\glslabeltok=\toks32
\glsshorttok=\toks33
\glslongtok=\toks34
 (c:/texlive/2023/texmf-dist/tex/latex/glossaries/styles/glossary-hypernav.sty
Package: glossary-hypernav 2023/09/29 v4.53 (NLCT)
) (c:/texlive/2023/texmf-dist/tex/latex/glossaries/styles/glossary-list.sty
Package: glossary-list 2023/09/29 v4.53 (NLCT)
\glslistdottedwidth=\skip55
) (c:/texlive/2023/texmf-dist/tex/latex/glossaries/styles/glossary-long.sty
Package: glossary-long 2023/09/29 v4.53 (NLCT)
 (c:/texlive/2023/texmf-dist/tex/latex/tools/longtable.sty
Package: longtable 2023-11-01 v4.19 Multi-page Table package (DPC)
\LTleft=\skip56
\LTright=\skip57
\LTpre=\skip58
\LTpost=\skip59
\LTchunksize=\count297
\LTcapwidth=\dimen152
\LT@head=\box53
\LT@firsthead=\box54
\LT@foot=\box55
\LT@lastfoot=\box56
\LT@gbox=\box57
\LT@cols=\count298
\LT@rows=\count299
\c@LT@tables=\count300
\c@LT@chunks=\count301
\LT@p@ftn=\toks35
)
\glsdescwidth=\skip60
\glspagelistwidth=\skip61
) (c:/texlive/2023/texmf-dist/tex/latex/glossaries/styles/glossary-super.sty
Package: glossary-super 2023/09/29 v4.53 (NLCT)
 (c:/texlive/2023/texmf-dist/tex/latex/supertabular/supertabular.sty
Package: supertabular 2020/02/02 v4.1g the supertabular environment
\c@tracingst=\count302
\ST@wd=\dimen153
\ST@rightskip=\skip62
\ST@leftskip=\skip63
\ST@parfillskip=\skip64
\ST@pageleft=\dimen154
\ST@headht=\dimen155
\ST@tailht=\dimen156
\ST@pagesofar=\dimen157
\ST@pboxht=\dimen158
\ST@lineht=\dimen159
\ST@prevht=\dimen160
\ST@toadd=\dimen161
\ST@dimen=\dimen162
\ST@pbox=\box58
)) (c:/texlive/2023/texmf-dist/tex/latex/glossaries/styles/glossary-tree.sty
Package: glossary-tree 2023/09/29 v4.53 (NLCT)
\glstreeindent=\skip65
)) (c:/texlive/2023/texmf-dist/tex/latex/amsfonts/amsfonts.sty
Package: amsfonts 2013/01/14 v3.01 Basic AMSFonts support
\symAMSa=\mathgroup4
\symAMSb=\mathgroup5
LaTeX Font Info:    Redeclaring math symbol \hbar on input line 98.
LaTeX Font Info:    Overwriting math alphabet `\mathfrak' in version `bold'
(Font)                  U/euf/m/n --> U/euf/b/n on input line 106.
) (c:/texlive/2023/texmf-dist/tex/latex/amsfonts/amssymb.sty
Package: amssymb 2013/01/14 v3.01 AMS font symbols
) (c:/texlive/2023/texmf-dist/tex/latex/listings/listings.sty
\lst@mode=\count303
\lst@gtempboxa=\box59
\lst@token=\toks36
\lst@length=\count304
\lst@currlwidth=\dimen163
\lst@column=\count305
\lst@pos=\count306
\lst@lostspace=\dimen164
\lst@width=\dimen165
\lst@newlines=\count307
\lst@lineno=\count308
\lst@maxwidth=\dimen166
 (c:/texlive/2023/texmf-dist/tex/latex/listings/lstpatch.sty
File: lstpatch.sty 2024/02/21 1.10 (Carsten Heinz)
) (c:/texlive/2023/texmf-dist/tex/latex/listings/lstmisc.sty
File: lstmisc.sty 2024/02/21 1.10 (Carsten Heinz)
\c@lstnumber=\count309
\lst@skipnumbers=\count310
\lst@framebox=\box60
) (c:/texlive/2023/texmf-dist/tex/latex/listings/listings.cfg
File: listings.cfg 2024/02/21 1.10 listings configuration
))
Package: listings 2024/02/21 1.10 (Carsten Heinz)
 (c:/texlive/2023/texmf-dist/tex/latex/tools/verbatim.sty
Package: verbatim 2023-11-06 v1.5v LaTeX2e package for verbatim enhancements
\every@verbatim=\toks37
\verbatim@line=\toks38
\verbatim@in@stream=\read2
) (c:/texlive/2023/texmf-dist/tex/latex/pgf/frontendlayer/tikz.sty (c:/texlive/2023/texmf-dist/tex/latex/pgf/basiclayer/pgf.sty (c:/texlive/2023/texmf-dist/tex/latex/pgf/utilities/pgfrcs.sty (c:/texlive/2023/texmf-dist/tex/generic/pgf/utilities/pgfutil-common.tex
\pgfutil@everybye=\toks39
\pgfutil@tempdima=\dimen167
\pgfutil@tempdimb=\dimen168
) (c:/texlive/2023/texmf-dist/tex/generic/pgf/utilities/pgfutil-latex.def
\pgfutil@abb=\box61
) (c:/texlive/2023/texmf-dist/tex/generic/pgf/utilities/pgfrcs.code.tex (c:/texlive/2023/texmf-dist/tex/generic/pgf/pgf.revision.tex)
Package: pgfrcs 2023-01-15 v3.1.10 (3.1.10)
))
Package: pgf 2023-01-15 v3.1.10 (3.1.10)
 (c:/texlive/2023/texmf-dist/tex/latex/pgf/basiclayer/pgfcore.sty (c:/texlive/2023/texmf-dist/tex/latex/pgf/systemlayer/pgfsys.sty (c:/texlive/2023/texmf-dist/tex/generic/pgf/systemlayer/pgfsys.code.tex
Package: pgfsys 2023-01-15 v3.1.10 (3.1.10)
 (c:/texlive/2023/texmf-dist/tex/generic/pgf/utilities/pgfkeys.code.tex
\pgfkeys@pathtoks=\toks40
\pgfkeys@temptoks=\toks41
 (c:/texlive/2023/texmf-dist/tex/generic/pgf/utilities/pgfkeyslibraryfiltered.code.tex
\pgfkeys@tmptoks=\toks42
))
\pgf@x=\dimen169
\pgf@y=\dimen170
\pgf@xa=\dimen171
\pgf@ya=\dimen172
\pgf@xb=\dimen173
\pgf@yb=\dimen174
\pgf@xc=\dimen175
\pgf@yc=\dimen176
\pgf@xd=\dimen177
\pgf@yd=\dimen178
\w@pgf@writea=\write3
\r@pgf@reada=\read3
\c@pgf@counta=\count311
\c@pgf@countb=\count312
\c@pgf@countc=\count313
\c@pgf@countd=\count314
\t@pgf@toka=\toks43
\t@pgf@tokb=\toks44
\t@pgf@tokc=\toks45
\pgf@sys@id@count=\count315
 (c:/texlive/2023/texmf-dist/tex/generic/pgf/systemlayer/pgf.cfg
File: pgf.cfg 2023-01-15 v3.1.10 (3.1.10)
)
Driver file for pgf: pgfsys-pdftex.def
 (c:/texlive/2023/texmf-dist/tex/generic/pgf/systemlayer/pgfsys-pdftex.def
File: pgfsys-pdftex.def 2023-01-15 v3.1.10 (3.1.10)
 (c:/texlive/2023/texmf-dist/tex/generic/pgf/systemlayer/pgfsys-common-pdf.def
File: pgfsys-common-pdf.def 2023-01-15 v3.1.10 (3.1.10)
))) (c:/texlive/2023/texmf-dist/tex/generic/pgf/systemlayer/pgfsyssoftpath.code.tex
File: pgfsyssoftpath.code.tex 2023-01-15 v3.1.10 (3.1.10)
\pgfsyssoftpath@smallbuffer@items=\count316
\pgfsyssoftpath@bigbuffer@items=\count317
) (c:/texlive/2023/texmf-dist/tex/generic/pgf/systemlayer/pgfsysprotocol.code.tex
File: pgfsysprotocol.code.tex 2023-01-15 v3.1.10 (3.1.10)
)) (c:/texlive/2023/texmf-dist/tex/latex/xcolor/xcolor.sty
Package: xcolor 2023/11/15 v3.01 LaTeX color extensions (UK)
 (c:/texlive/2023/texmf-dist/tex/latex/graphics-cfg/color.cfg
File: color.cfg 2016/01/02 v1.6 sample color configuration
)
Package xcolor Info: Driver file: pdftex.def on input line 274.
 (c:/texlive/2023/texmf-dist/tex/latex/graphics/mathcolor.ltx)
Package xcolor Info: Model `cmy' substituted by `cmy0' on input line 1350.
Package xcolor Info: Model `hsb' substituted by `rgb' on input line 1354.
Package xcolor Info: Model `RGB' extended on input line 1366.
Package xcolor Info: Model `HTML' substituted by `rgb' on input line 1368.
Package xcolor Info: Model `Hsb' substituted by `hsb' on input line 1369.
Package xcolor Info: Model `tHsb' substituted by `hsb' on input line 1370.
Package xcolor Info: Model `HSB' substituted by `hsb' on input line 1371.
Package xcolor Info: Model `Gray' substituted by `gray' on input line 1372.
Package xcolor Info: Model `wave' substituted by `hsb' on input line 1373.
) (c:/texlive/2023/texmf-dist/tex/generic/pgf/basiclayer/pgfcore.code.tex
Package: pgfcore 2023-01-15 v3.1.10 (3.1.10)
 (c:/texlive/2023/texmf-dist/tex/generic/pgf/math/pgfmath.code.tex (c:/texlive/2023/texmf-dist/tex/generic/pgf/math/pgfmathutil.code.tex) (c:/texlive/2023/texmf-dist/tex/generic/pgf/math/pgfmathparser.code.tex
\pgfmath@dimen=\dimen179
\pgfmath@count=\count318
\pgfmath@box=\box62
\pgfmath@toks=\toks46
\pgfmath@stack@operand=\toks47
\pgfmath@stack@operation=\toks48
) (c:/texlive/2023/texmf-dist/tex/generic/pgf/math/pgfmathfunctions.code.tex) (c:/texlive/2023/texmf-dist/tex/generic/pgf/math/pgfmathfunctions.basic.code.tex) (c:/texlive/2023/texmf-dist/tex/generic/pgf/math/pgfmathfunctions.trigonometric.code.tex) (c:/texlive/2023/texmf-dist/tex/generic/pgf/math/pgfmathfunctions.random.code.tex) (c:/texlive/2023/texmf-dist/tex/generic/pgf/math/pgfmathfunctions.comparison.code.tex) (c:/texlive/2023/texmf-dist/tex/generic/pgf/math/pgfmathfunctions.base.code.tex) (c:/texlive/2023/texmf-dist/tex/generic/pgf/math/pgfmathfunctions.round.code.tex) (c:/texlive/2023/texmf-dist/tex/generic/pgf/math/pgfmathfunctions.misc.code.tex) (c:/texlive/2023/texmf-dist/tex/generic/pgf/math/pgfmathfunctions.integerarithmetics.code.tex) (c:/texlive/2023/texmf-dist/tex/generic/pgf/math/pgfmathcalc.code.tex) (c:/texlive/2023/texmf-dist/tex/generic/pgf/math/pgfmathfloat.code.tex
\c@pgfmathroundto@lastzeros=\count319
)) (c:/texlive/2023/texmf-dist/tex/generic/pgf/math/pgfint.code.tex) (c:/texlive/2023/texmf-dist/tex/generic/pgf/basiclayer/pgfcorepoints.code.tex
File: pgfcorepoints.code.tex 2023-01-15 v3.1.10 (3.1.10)
\pgf@picminx=\dimen180
\pgf@picmaxx=\dimen181
\pgf@picminy=\dimen182
\pgf@picmaxy=\dimen183
\pgf@pathminx=\dimen184
\pgf@pathmaxx=\dimen185
\pgf@pathminy=\dimen186
\pgf@pathmaxy=\dimen187
\pgf@xx=\dimen188
\pgf@xy=\dimen189
\pgf@yx=\dimen190
\pgf@yy=\dimen191
\pgf@zx=\dimen192
\pgf@zy=\dimen193
) (c:/texlive/2023/texmf-dist/tex/generic/pgf/basiclayer/pgfcorepathconstruct.code.tex
File: pgfcorepathconstruct.code.tex 2023-01-15 v3.1.10 (3.1.10)
\pgf@path@lastx=\dimen194
\pgf@path@lasty=\dimen195
) (c:/texlive/2023/texmf-dist/tex/generic/pgf/basiclayer/pgfcorepathusage.code.tex
File: pgfcorepathusage.code.tex 2023-01-15 v3.1.10 (3.1.10)
\pgf@shorten@end@additional=\dimen196
\pgf@shorten@start@additional=\dimen197
) (c:/texlive/2023/texmf-dist/tex/generic/pgf/basiclayer/pgfcorescopes.code.tex
File: pgfcorescopes.code.tex 2023-01-15 v3.1.10 (3.1.10)
\pgfpic=\box63
\pgf@hbox=\box64
\pgf@layerbox@main=\box65
\pgf@picture@serial@count=\count320
) (c:/texlive/2023/texmf-dist/tex/generic/pgf/basiclayer/pgfcoregraphicstate.code.tex
File: pgfcoregraphicstate.code.tex 2023-01-15 v3.1.10 (3.1.10)
\pgflinewidth=\dimen198
) (c:/texlive/2023/texmf-dist/tex/generic/pgf/basiclayer/pgfcoretransformations.code.tex
File: pgfcoretransformations.code.tex 2023-01-15 v3.1.10 (3.1.10)
\pgf@pt@x=\dimen199
\pgf@pt@y=\dimen256
\pgf@pt@temp=\dimen257
) (c:/texlive/2023/texmf-dist/tex/generic/pgf/basiclayer/pgfcorequick.code.tex
File: pgfcorequick.code.tex 2023-01-15 v3.1.10 (3.1.10)
) (c:/texlive/2023/texmf-dist/tex/generic/pgf/basiclayer/pgfcoreobjects.code.tex
File: pgfcoreobjects.code.tex 2023-01-15 v3.1.10 (3.1.10)
) (c:/texlive/2023/texmf-dist/tex/generic/pgf/basiclayer/pgfcorepathprocessing.code.tex
File: pgfcorepathprocessing.code.tex 2023-01-15 v3.1.10 (3.1.10)
) (c:/texlive/2023/texmf-dist/tex/generic/pgf/basiclayer/pgfcorearrows.code.tex
File: pgfcorearrows.code.tex 2023-01-15 v3.1.10 (3.1.10)
\pgfarrowsep=\dimen258
) (c:/texlive/2023/texmf-dist/tex/generic/pgf/basiclayer/pgfcoreshade.code.tex
File: pgfcoreshade.code.tex 2023-01-15 v3.1.10 (3.1.10)
\pgf@max=\dimen259
\pgf@sys@shading@range@num=\count321
\pgf@shadingcount=\count322
) (c:/texlive/2023/texmf-dist/tex/generic/pgf/basiclayer/pgfcoreimage.code.tex
File: pgfcoreimage.code.tex 2023-01-15 v3.1.10 (3.1.10)
) (c:/texlive/2023/texmf-dist/tex/generic/pgf/basiclayer/pgfcoreexternal.code.tex
File: pgfcoreexternal.code.tex 2023-01-15 v3.1.10 (3.1.10)
\pgfexternal@startupbox=\box66
) (c:/texlive/2023/texmf-dist/tex/generic/pgf/basiclayer/pgfcorelayers.code.tex
File: pgfcorelayers.code.tex 2023-01-15 v3.1.10 (3.1.10)
) (c:/texlive/2023/texmf-dist/tex/generic/pgf/basiclayer/pgfcoretransparency.code.tex
File: pgfcoretransparency.code.tex 2023-01-15 v3.1.10 (3.1.10)
) (c:/texlive/2023/texmf-dist/tex/generic/pgf/basiclayer/pgfcorepatterns.code.tex
File: pgfcorepatterns.code.tex 2023-01-15 v3.1.10 (3.1.10)
) (c:/texlive/2023/texmf-dist/tex/generic/pgf/basiclayer/pgfcorerdf.code.tex
File: pgfcorerdf.code.tex 2023-01-15 v3.1.10 (3.1.10)
))) (c:/texlive/2023/texmf-dist/tex/generic/pgf/modules/pgfmoduleshapes.code.tex
File: pgfmoduleshapes.code.tex 2023-01-15 v3.1.10 (3.1.10)
\pgfnodeparttextbox=\box67
) (c:/texlive/2023/texmf-dist/tex/generic/pgf/modules/pgfmoduleplot.code.tex
File: pgfmoduleplot.code.tex 2023-01-15 v3.1.10 (3.1.10)
) (c:/texlive/2023/texmf-dist/tex/latex/pgf/compatibility/pgfcomp-version-0-65.sty
Package: pgfcomp-version-0-65 2023-01-15 v3.1.10 (3.1.10)
\pgf@nodesepstart=\dimen260
\pgf@nodesepend=\dimen261
) (c:/texlive/2023/texmf-dist/tex/latex/pgf/compatibility/pgfcomp-version-1-18.sty
Package: pgfcomp-version-1-18 2023-01-15 v3.1.10 (3.1.10)
)) (c:/texlive/2023/texmf-dist/tex/latex/pgf/utilities/pgffor.sty (c:/texlive/2023/texmf-dist/tex/latex/pgf/utilities/pgfkeys.sty (c:/texlive/2023/texmf-dist/tex/generic/pgf/utilities/pgfkeys.code.tex)) (c:/texlive/2023/texmf-dist/tex/latex/pgf/math/pgfmath.sty (c:/texlive/2023/texmf-dist/tex/generic/pgf/math/pgfmath.code.tex)) (c:/texlive/2023/texmf-dist/tex/generic/pgf/utilities/pgffor.code.tex
Package: pgffor 2023-01-15 v3.1.10 (3.1.10)
\pgffor@iter=\dimen262
\pgffor@skip=\dimen263
\pgffor@stack=\toks49
\pgffor@toks=\toks50
)) (c:/texlive/2023/texmf-dist/tex/generic/pgf/frontendlayer/tikz/tikz.code.tex
Package: tikz 2023-01-15 v3.1.10 (3.1.10)
 (c:/texlive/2023/texmf-dist/tex/generic/pgf/libraries/pgflibraryplothandlers.code.tex
File: pgflibraryplothandlers.code.tex 2023-01-15 v3.1.10 (3.1.10)
\pgf@plot@mark@count=\count323
\pgfplotmarksize=\dimen264
)
\tikz@lastx=\dimen265
\tikz@lasty=\dimen266
\tikz@lastxsaved=\dimen267
\tikz@lastysaved=\dimen268
\tikz@lastmovetox=\dimen269
\tikz@lastmovetoy=\dimen270
\tikzleveldistance=\dimen271
\tikzsiblingdistance=\dimen272
\tikz@figbox=\box68
\tikz@figbox@bg=\box69
\tikz@tempbox=\box70
\tikz@tempbox@bg=\box71
\tikztreelevel=\count324
\tikznumberofchildren=\count325
\tikznumberofcurrentchild=\count326
\tikz@fig@count=\count327
 (c:/texlive/2023/texmf-dist/tex/generic/pgf/modules/pgfmodulematrix.code.tex
File: pgfmodulematrix.code.tex 2023-01-15 v3.1.10 (3.1.10)
\pgfmatrixcurrentrow=\count328
\pgfmatrixcurrentcolumn=\count329
\pgf@matrix@numberofcolumns=\count330
)
\tikz@expandcount=\count331
 (c:/texlive/2023/texmf-dist/tex/generic/pgf/frontendlayer/tikz/libraries/tikzlibrarytopaths.code.tex
File: tikzlibrarytopaths.code.tex 2023-01-15 v3.1.10 (3.1.10)
))) (c:/texlive/2023/texmf-dist/tex/generic/pgf/frontendlayer/tikz/libraries/tikzlibraryshapes.code.tex
File: tikzlibraryshapes.code.tex 2023-01-15 v3.1.10 (3.1.10)
 (c:/texlive/2023/texmf-dist/tex/generic/pgf/frontendlayer/tikz/libraries/tikzlibraryshapes.geometric.code.tex
File: tikzlibraryshapes.geometric.code.tex 2023-01-15 v3.1.10 (3.1.10)
 (c:/texlive/2023/texmf-dist/tex/generic/pgf/libraries/shapes/pgflibraryshapes.geometric.code.tex
File: pgflibraryshapes.geometric.code.tex 2023-01-15 v3.1.10 (3.1.10)
)) (c:/texlive/2023/texmf-dist/tex/generic/pgf/frontendlayer/tikz/libraries/tikzlibraryshapes.misc.code.tex
File: tikzlibraryshapes.misc.code.tex 2023-01-15 v3.1.10 (3.1.10)
 (c:/texlive/2023/texmf-dist/tex/generic/pgf/libraries/shapes/pgflibraryshapes.misc.code.tex
File: pgflibraryshapes.misc.code.tex 2023-01-15 v3.1.10 (3.1.10)
)) (c:/texlive/2023/texmf-dist/tex/generic/pgf/frontendlayer/tikz/libraries/tikzlibraryshapes.symbols.code.tex
File: tikzlibraryshapes.symbols.code.tex 2023-01-15 v3.1.10 (3.1.10)
 (c:/texlive/2023/texmf-dist/tex/generic/pgf/libraries/shapes/pgflibraryshapes.symbols.code.tex
File: pgflibraryshapes.symbols.code.tex 2023-01-15 v3.1.10 (3.1.10)
)) (c:/texlive/2023/texmf-dist/tex/generic/pgf/frontendlayer/tikz/libraries/tikzlibraryshapes.arrows.code.tex
File: tikzlibraryshapes.arrows.code.tex 2023-01-15 v3.1.10 (3.1.10)
 (c:/texlive/2023/texmf-dist/tex/generic/pgf/libraries/shapes/pgflibraryshapes.arrows.code.tex
File: pgflibraryshapes.arrows.code.tex 2023-01-15 v3.1.10 (3.1.10)
)) (c:/texlive/2023/texmf-dist/tex/generic/pgf/frontendlayer/tikz/libraries/tikzlibraryshapes.callouts.code.tex (c:/texlive/2023/texmf-dist/tex/generic/pgf/libraries/shapes/pgflibraryshapes.callouts.code.tex)) (c:/texlive/2023/texmf-dist/tex/generic/pgf/frontendlayer/tikz/libraries/tikzlibraryshapes.multipart.code.tex
File: tikzlibraryshapes.multipart.code.tex 2023-01-15 v3.1.10 (3.1.10)
 (c:/texlive/2023/texmf-dist/tex/generic/pgf/libraries/shapes/pgflibraryshapes.multipart.code.tex
File: pgflibraryshapes.multipart.code.tex 2023-01-15 v3.1.10 (3.1.10)
\pgfnodepartlowerbox=\box72
\pgfnodeparttwobox=\box73
\pgfnodepartthreebox=\box74
\pgfnodepartfourbox=\box75
\pgfnodeparttwentybox=\box76
\pgfnodepartnineteenbox=\box77
\pgfnodeparteighteenbox=\box78
\pgfnodepartseventeenbox=\box79
\pgfnodepartsixteenbox=\box80
\pgfnodepartfifteenbox=\box81
\pgfnodepartfourteenbox=\box82
\pgfnodepartthirteenbox=\box83
\pgfnodeparttwelvebox=\box84
\pgfnodepartelevenbox=\box85
\pgfnodeparttenbox=\box86
\pgfnodepartninebox=\box87
\pgfnodeparteightbox=\box88
\pgfnodepartsevenbox=\box89
\pgfnodepartsixbox=\box90
\pgfnodepartfivebox=\box91
))) (c:/texlive/2023/texmf-dist/tex/generic/pgf/frontendlayer/tikz/libraries/tikzlibraryarrows.code.tex
File: tikzlibraryarrows.code.tex 2023-01-15 v3.1.10 (3.1.10)
 (c:/texlive/2023/texmf-dist/tex/generic/pgf/libraries/pgflibraryarrows.code.tex
File: pgflibraryarrows.code.tex 2023-01-15 v3.1.10 (3.1.10)
\arrowsize=\dimen273
))
\c@theorem=\count332
 (c:/texlive/2023/texmf-dist/tex/latex/geometry/geometry.sty
Package: geometry 2020/01/02 v5.9 Page Geometry
 (c:/texlive/2023/texmf-dist/tex/generic/iftex/ifvtex.sty
Package: ifvtex 2019/10/25 v1.7 ifvtex legacy package. Use iftex instead.
 (c:/texlive/2023/texmf-dist/tex/generic/iftex/iftex.sty
Package: iftex 2022/02/03 v1.0f TeX engine tests
))
\Gm@cnth=\count333
\Gm@cntv=\count334
\c@Gm@tempcnt=\count335
\Gm@bindingoffset=\dimen274
\Gm@wd@mp=\dimen275
\Gm@odd@mp=\dimen276
\Gm@even@mp=\dimen277
\Gm@layoutwidth=\dimen278
\Gm@layoutheight=\dimen279
\Gm@layouthoffset=\dimen280
\Gm@layoutvoffset=\dimen281
\Gm@dimlist=\toks51
) (c:/texlive/2023/texmf-dist/tex/latex/l3backend/l3backend-pdftex.def
File: l3backend-pdftex.def 2024-02-20 L3 backend support: PDF output (pdfTeX)
\l__color_backend_stack_int=\count336
\l__pdf_internal_box=\box92
) (./main.aux

LaTeX Warning: Label `fig:enter-label' multiply defined.


LaTeX Warning: Label `fig:enter-label' multiply defined.


LaTeX Warning: Label `fig:enter-label' multiply defined.


LaTeX Warning: Label `fig:enter-label' multiply defined.


LaTeX Warning: Label `fig:enter-label' multiply defined.


LaTeX Warning: Label `fig:enter-label' multiply defined.


LaTeX Warning: Label `fig:enter-label' multiply defined.


LaTeX Warning: Label `fig:enter-label' multiply defined.


LaTeX Warning: Label `fig:enter-label' multiply defined.


LaTeX Warning: Label `fig:enter-label' multiply defined.


LaTeX Warning: Label `fig:enter-label' multiply defined.


LaTeX Warning: Label `fig:enter-label' multiply defined.


LaTeX Warning: Label `fig:enter-label' multiply defined.


LaTeX Warning: Label `fig:enter-label' multiply defined.


LaTeX Warning: Label `fig:enter-label' multiply defined.


LaTeX Warning: Label `fig:enter-label' multiply defined.


LaTeX Warning: Label `fig:enter-label' multiply defined.


LaTeX Warning: Label `fig:enter-label' multiply defined.


LaTeX Warning: Label `fig:enter-label' multiply defined.


LaTeX Warning: Label `fig:enter-label' multiply defined.


LaTeX Warning: Label `fig:enter-label' multiply defined.


LaTeX Warning: Label `fig:enter-label' multiply defined.


LaTeX Warning: Label `fig:enter-label' multiply defined.


LaTeX Warning: Label `fig:enter-label' multiply defined.


LaTeX Warning: Label `fig:enter-label' multiply defined.


LaTeX Warning: Label `fig:enter-label' multiply defined.


LaTeX Warning: Label `fig:enter-label' multiply defined.


LaTeX Warning: Label `fig:enter-label' multiply defined.


LaTeX Warning: Label `fig:enter-label' multiply defined.


LaTeX Warning: Label `fig:enter-label' multiply defined.

)
\openout1 = `main.aux'.

LaTeX Font Info:    Checking defaults for OML/cmm/m/it on input line 28.
LaTeX Font Info:    ... okay on input line 28.
LaTeX Font Info:    Checking defaults for OMS/cmsy/m/n on input line 28.
LaTeX Font Info:    ... okay on input line 28.
LaTeX Font Info:    Checking defaults for OT1/cmr/m/n on input line 28.
LaTeX Font Info:    ... okay on input line 28.
LaTeX Font Info:    Checking defaults for T1/cmr/m/n on input line 28.
LaTeX Font Info:    ... okay on input line 28.
LaTeX Font Info:    Checking defaults for TS1/cmr/m/n on input line 28.
LaTeX Font Info:    ... okay on input line 28.
LaTeX Font Info:    Checking defaults for OMX/cmex/m/n on input line 28.
LaTeX Font Info:    ... okay on input line 28.
LaTeX Font Info:    Checking defaults for U/cmr/m/n on input line 28.
LaTeX Font Info:    ... okay on input line 28.
 (c:/texlive/2023/texmf-dist/tex/context/base/mkii/supp-pdf.mkii
[Loading MPS to PDF converter (version 2006.09.02).]
\scratchcounter=\count337
\scratchdimen=\dimen282
\scratchbox=\box93
\nofMPsegments=\count338
\nofMParguments=\count339
\everyMPshowfont=\toks52
\MPscratchCnt=\count340
\MPscratchDim=\dimen283
\MPnumerator=\count341
\makeMPintoPDFobject=\count342
\everyMPtoPDFconversion=\toks53
) (c:/texlive/2023/texmf-dist/tex/latex/epstopdf-pkg/epstopdf-base.sty
Package: epstopdf-base 2020-01-24 v2.11 Base part for package epstopdf
Package epstopdf-base Info: Redefining graphics rule for `.eps' on input line 485.
 (c:/texlive/2023/texmf-dist/tex/latex/latexconfig/epstopdf-sys.cfg
File: epstopdf-sys.cfg 2010/07/13 v1.3 Configuration of (r)epstopdf for TeX Live
))
\c@lstlisting=\count343

*geometry* driver: auto-detecting
*geometry* detected driver: pdftex
*geometry* verbose mode - [ preamble ] result:
* driver: pdftex
* paper: a4paper
* layout: <same size as paper>
* layoutoffset:(h,v)=(0.0pt,0.0pt)
* modes: 
* h-part:(L,W,R)=(56.9055pt, 483.69687pt, 56.9055pt)
* v-part:(T,H,B)=(56.9055pt, 731.23584pt, 56.9055pt)
* \paperwidth=597.50787pt
* \paperheight=845.04684pt
* \textwidth=483.69687pt
* \textheight=731.23584pt
* \oddsidemargin=-15.36449pt
* \evensidemargin=-15.36449pt
* \topmargin=-52.36449pt
* \headheight=12.0pt
* \headsep=25.0pt
* \topskip=12.0pt
* \footskip=30.0pt
* \marginparwidth=35.0pt
* \marginparsep=10.0pt
* \columnsep=10.0pt
* \skip\footins=10.8pt plus 4.0pt minus 2.0pt
* \hoffset=0.0pt
* \voffset=0.0pt
* \mag=1000
* \@twocolumnfalse
* \@twosidefalse
* \@mparswitchfalse
* \@reversemarginfalse
* (1in=72.27pt=25.4mm, 1cm=28.453pt)

LaTeX Font Info:    Trying to load font information for U+msa on input line 32.
(c:/texlive/2023/texmf-dist/tex/latex/amsfonts/umsa.fd
File: umsa.fd 2013/01/14 v3.01 AMS symbols A
)
LaTeX Font Info:    Trying to load font information for U+msb on input line 32.
 (c:/texlive/2023/texmf-dist/tex/latex/amsfonts/umsb.fd
File: umsb.fd 2013/01/14 v3.01 AMS symbols B
) [1

{c:/texlive/2023/texmf-var/fonts/map/pdftex/updmap/pdftex.map}{c:/texlive/2023/texmf-dist/fonts/enc/dvips/cm-super/cm-super-t1.enc}] (./main.toc [1

] [2])
\tf@toc=\write4
\openout4 = `main.toc'.

 [3] [4

]
Chapter 1.
(./NonLinearControl/Ch1_Intro.tex [5

{c:/texlive/2023/texmf-dist/fonts/enc/dvips/cm-super/cm-super-ts1.enc}] [6]) [7]
Chapter 2.
(./NonLinearControl/Ch2_Stability.tex
Underfull \hbox (badness 10000) in paragraph at lines 6--7

 []


Underfull \hbox (badness 10000) in paragraph at lines 8--10

 []


Underfull \hbox (badness 10000) in paragraph at lines 11--13

 []


Underfull \hbox (badness 10000) in paragraph at lines 14--16

 []

<NonLinearControl/images/NominalPerturbed.png, id=47, 461.92575pt x 327.02174pt>
File: NonLinearControl/images/NominalPerturbed.png Graphic file (type png)
<use NonLinearControl/images/NominalPerturbed.png>
Package pdftex.def Info: NonLinearControl/images/NominalPerturbed.png  used on input line 19.
(pdftex.def)             Requested size: 277.15758pt x 196.21455pt.

LaTeX Warning: `h' float specifier changed to `ht'.

<NonLinearControl/images/Stable.png, id=49, 681.14474pt x 377.0085pt>
File: NonLinearControl/images/Stable.png Graphic file (type png)
<use NonLinearControl/images/Stable.png>
Package pdftex.def Info: NonLinearControl/images/Stable.png  used on input line 39.
(pdftex.def)             Requested size: 408.69pt x 226.20683pt.

LaTeX Warning: `h' float specifier changed to `ht'.

[8

]
<NonLinearControl/images/AsStable.png, id=53, 581.17125pt x 323.40825pt>
File: NonLinearControl/images/AsStable.png Graphic file (type png)
<use NonLinearControl/images/AsStable.png>
Package pdftex.def Info: NonLinearControl/images/AsStable.png  used on input line 51.
(pdftex.def)             Requested size: 348.70544pt x 194.04643pt.


LaTeX Warning: `h' float specifier changed to `ht'.

<NonLinearControl/images/Unstable.png, id=54, 669.702pt x 337.86224pt>
File: NonLinearControl/images/Unstable.png Graphic file (type png)
<use NonLinearControl/images/Unstable.png>
Package pdftex.def Info: NonLinearControl/images/Unstable.png  used on input line 62.
(pdftex.def)             Requested size: 401.8243pt x 202.7189pt.

LaTeX Warning: `h' float specifier changed to `ht'.

[9 <./NonLinearControl/images/NominalPerturbed.png> <./NonLinearControl/images/Stable.png>]
<NonLinearControl/images/EqStable.png, id=61, 471.56175pt x 362.5545pt>
File: NonLinearControl/images/EqStable.png Graphic file (type png)
<use NonLinearControl/images/EqStable.png>
Package pdftex.def Info: NonLinearControl/images/EqStable.png  used on input line 82.
(pdftex.def)             Requested size: 235.78029pt x 181.27681pt.


LaTeX Warning: `h' float specifier changed to `ht'.


Underfull \hbox (badness 10000) in paragraph at lines 87--90

 []

[10 <./NonLinearControl/images/AsStable.png> <./NonLinearControl/images/Unstable.png>]
<NonLinearControl/images/EqAsStable.png, id=67, 416.15475pt x 333.04425pt>
File: NonLinearControl/images/EqAsStable.png Graphic file (type png)
<use NonLinearControl/images/EqAsStable.png>
Package pdftex.def Info: NonLinearControl/images/EqAsStable.png  used on input line 99.
(pdftex.def)             Requested size: 228.88582pt x 183.1749pt.
<NonLinearControl/images/EqUnstable.png, id=68, 440.24475pt x 419.76825pt>
File: NonLinearControl/images/EqUnstable.png Graphic file (type png)
<use NonLinearControl/images/EqUnstable.png>
Package pdftex.def Info: NonLinearControl/images/EqUnstable.png  used on input line 109.
(pdftex.def)             Requested size: 220.12184pt x 209.8836pt.


LaTeX Warning: `h' float specifier changed to `ht'.

[11 <./NonLinearControl/images/EqStable.png> <./NonLinearControl/images/EqAsStable.png>]
Underfull \hbox (badness 10000) in paragraph at lines 124--127

 []

[12 <./NonLinearControl/images/EqUnstable.png>]) [13]
Chapter 3.
(./NonLinearControl/Ch3_NLBehaviour.tex
Underfull \hbox (badness 10000) in paragraph at lines 14--16

 []


Underfull \hbox (badness 10000) in paragraph at lines 22--24

 []

<NonLinearControl/images/PhasePort_MSD.png, id=82, 380.622pt x 221.628pt>
File: NonLinearControl/images/PhasePort_MSD.png Graphic file (type png)
<use NonLinearControl/images/PhasePort_MSD.png>
Package pdftex.def Info: NonLinearControl/images/PhasePort_MSD.png  used on input line 32.
(pdftex.def)             Requested size: 266.43356pt x 155.13853pt.
[14

]
<NonLinearControl/images/SingularPoints.png, id=86, 447.47176pt x 496.85625pt>
File: NonLinearControl/images/SingularPoints.png Graphic file (type png)
<use NonLinearControl/images/SingularPoints.png>
Package pdftex.def Info: NonLinearControl/images/SingularPoints.png  used on input line 50.
(pdftex.def)             Requested size: 246.11021pt x 273.27177pt.


LaTeX Warning: `h' float specifier changed to `ht'.

<NonLinearControl/images/Slotine1.png, id=87, 595.62524pt x 163.20975pt>
File: NonLinearControl/images/Slotine1.png Graphic file (type png)
<use NonLinearControl/images/Slotine1.png>
Package pdftex.def Info: NonLinearControl/images/Slotine1.png  used on input line 62.
(pdftex.def)             Requested size: 476.50084pt x 130.56796pt.

LaTeX Warning: `h' float specifier changed to `ht'.

<NonLinearControl/images/ExFirstOrder.png, id=88, 590.205pt x 425.79076pt>
File: NonLinearControl/images/ExFirstOrder.png Graphic file (type png)
<use NonLinearControl/images/ExFirstOrder.png>
Package pdftex.def Info: NonLinearControl/images/ExFirstOrder.png  used on input line 71.
(pdftex.def)             Requested size: 472.16464pt x 340.63307pt.

LaTeX Warning: `h' float specifier changed to `ht'.

[15 <./NonLinearControl/images/PhasePort_MSD.png>] [16 <./NonLinearControl/images/SingularPoints.png> <./NonLinearControl/images/Slotine1.png>]
<NonLinearControl/images/node.png, id=98, 414.348pt x 278.2395pt>
File: NonLinearControl/images/node.png Graphic file (type png)
<use NonLinearControl/images/node.png>
Package pdftex.def Info: NonLinearControl/images/node.png  used on input line 102.
(pdftex.def)             Requested size: 331.47885pt x 222.59189pt.


LaTeX Warning: `h' float specifier changed to `ht'.

<NonLinearControl/images/saddle.png, id=99, 408.3255pt x 154.77824pt>
File: NonLinearControl/images/saddle.png Graphic file (type png)
<use NonLinearControl/images/saddle.png>
Package pdftex.def Info: NonLinearControl/images/saddle.png  used on input line 112.
(pdftex.def)             Requested size: 326.66083pt x 123.82275pt.

LaTeX Warning: `h' float specifier changed to `ht'.

<NonLinearControl/images/focus.png, id=100, 395.67825pt x 236.68425pt>
File: NonLinearControl/images/focus.png Graphic file (type png)
<use NonLinearControl/images/focus.png>
Package pdftex.def Info: NonLinearControl/images/focus.png  used on input line 120.
(pdftex.def)             Requested size: 316.54301pt x 189.34766pt.

LaTeX Warning: `h' float specifier changed to `ht'.

<NonLinearControl/images/center.png, id=101, 387.24675pt x 118.64325pt>
File: NonLinearControl/images/center.png Graphic file (type png)
<use NonLinearControl/images/center.png>
Package pdftex.def Info: NonLinearControl/images/center.png  used on input line 130.
(pdftex.def)             Requested size: 309.7978pt x 94.9147pt.

LaTeX Warning: `h' float specifier changed to `ht'.

[17 <./NonLinearControl/images/ExFirstOrder.png>] [18 <./NonLinearControl/images/node.png> <./NonLinearControl/images/saddle.png>]
<NonLinearControl/images/limitcycles.png, id=112, 501.072pt x 224.037pt>
File: NonLinearControl/images/limitcycles.png Graphic file (type png)
<use NonLinearControl/images/limitcycles.png>
Package pdftex.def Info: NonLinearControl/images/limitcycles.png  used on input line 159.
(pdftex.def)             Requested size: 350.74802pt x 156.82481pt.


LaTeX Warning: `h' float specifier changed to `ht'.

[19 <./NonLinearControl/images/focus.png> <./NonLinearControl/images/center.png>]
Underfull \hbox (badness 10000) in paragraph at lines 178--182

 []

<NonLinearControl/images/chuaAttr.jpg, id=118, 863.225pt x 701.62125pt>
File: NonLinearControl/images/chuaAttr.jpg Graphic file (type jpg)
<use NonLinearControl/images/chuaAttr.jpg>
Package pdftex.def Info: NonLinearControl/images/chuaAttr.jpg  used on input line 187.
(pdftex.def)             Requested size: 310.76076pt x 252.58345pt.

LaTeX Warning: `h' float specifier changed to `ht'.

<NonLinearControl/images/slk_model.png, id=119, 729.32475pt x 431.81325pt>
File: NonLinearControl/images/slk_model.png Graphic file (type png)
<use NonLinearControl/images/slk_model.png>
Package pdftex.def Info: NonLinearControl/images/slk_model.png  used on input line 194.
(pdftex.def)             Requested size: 364.66148pt x 215.90608pt.

LaTeX Warning: `h' float specifier changed to `ht'.

) [20 <./NonLinearControl/images/limitcycles.png>] [21 <./NonLinearControl/images/chuaAttr.jpg> <./NonLinearControl/images/slk_model.png>]
Chapter 4.
(./NonLinearControl/Ch4_LyapunovStability.tex [22

]
Underfull \hbox (badness 10000) in paragraph at lines 70--71

 []


Underfull \hbox (badness 10000) in paragraph at lines 75--78

 []


Underfull \hbox (badness 10000) in paragraph at lines 79--81

 []


Underfull \hbox (badness 10000) in paragraph at lines 92--94

 []

<NonLinearControl/images/PD_Fun.png, id=132, 313.77225pt x 196.3335pt>
File: NonLinearControl/images/PD_Fun.png Graphic file (type png)
<use NonLinearControl/images/PD_Fun.png>
Package pdftex.def Info: NonLinearControl/images/PD_Fun.png  used on input line 102.
(pdftex.def)             Requested size: 251.01813pt x 157.067pt.
[23]
Underfull \hbox (badness 10000) in paragraph at lines 129--131

 []


Underfull \hbox (badness 10000) in paragraph at lines 137--138

 []

<NonLinearControl/images/LyapunovFunction.png, id=141, 338.4645pt x 224.037pt>
File: NonLinearControl/images/LyapunovFunction.png Graphic file (type png)
<use NonLinearControl/images/LyapunovFunction.png>
Package pdftex.def Info: NonLinearControl/images/LyapunovFunction.png  used on input line 164.
(pdftex.def)             Requested size: 203.08026pt x 134.42322pt.

LaTeX Warning: `h' float specifier changed to `ht'.


Underfull \hbox (badness 10000) in paragraph at lines 169--170

 []

[24 <./NonLinearControl/images/PD_Fun.png>]
Underfull \hbox (badness 10000) in paragraph at lines 182--185

 []

<NonLinearControl/images/Lyapunov.png, id=147, 598.48593pt x 465.23813pt>
File: NonLinearControl/images/Lyapunov.png Graphic file (type png)
<use NonLinearControl/images/Lyapunov.png>
Package pdftex.def Info: NonLinearControl/images/Lyapunov.png  used on input line 226.
(pdftex.def)             Requested size: 359.09433pt x 279.14502pt.
[25 <./NonLinearControl/images/LyapunovFunction.png>]
<NonLinearControl/images/Lyap_Der.png, id=152, 526.96875pt x 395.22656pt>
File: NonLinearControl/images/Lyap_Der.png Graphic file (type png)
<use NonLinearControl/images/Lyap_Der.png>
Package pdftex.def Info: NonLinearControl/images/Lyap_Der.png  used on input line 235.
(pdftex.def)             Requested size: 368.8756pt x 276.6567pt.


LaTeX Warning: `h' float specifier changed to `ht'.

) [26 <./NonLinearControl/images/Lyapunov.png (PNG copy)>] [27 <./NonLinearControl/images/Lyap_Der.png (PNG copy)>]
Chapter 5.
(./NonLinearControl/Ch5_IntroNLC.tex
Underfull \hbox (badness 10000) in paragraph at lines 1--2

 []

<NonLinearControl/images/ControlScheme.png, id=160, 459.51675pt x 145.7445pt>
File: NonLinearControl/images/ControlScheme.png Graphic file (type png)
<use NonLinearControl/images/ControlScheme.png>
Package pdftex.def Info: NonLinearControl/images/ControlScheme.png  used on input line 5.
(pdftex.def)             Requested size: 367.61389pt x 116.59575pt.
[28

 <./NonLinearControl/images/ControlScheme.png>]
Underfull \hbox (badness 10000) in paragraph at lines 36--37

 []


Underfull \hbox (badness 10000) in paragraph at lines 44--45

 []

[29]) [30]
Chapter 6.
(./NonLinearControl/Ch6_FL.tex
Underfull \hbox (badness 10000) in paragraph at lines 1--2

 []


Underfull \hbox (badness 10000) in paragraph at lines 3--4

 []


Underfull \hbox (badness 10000) in paragraph at lines 14--15

 []

[31

]
Underfull \hbox (badness 10000) in paragraph at lines 72--74

 []


Underfull \hbox (badness 10000) in paragraph at lines 95--97

 []

[32]
Underfull \hbox (badness 10000) in paragraph at lines 127--128

 []


Underfull \hbox (badness 10000) in paragraph at lines 129--138

 []


Underfull \hbox (badness 10000) in paragraph at lines 169--170

 []

[33]
Underfull \hbox (badness 10000) in paragraph at lines 205--207

 []


Underfull \hbox (badness 10000) in paragraph at lines 225--227

 []

<NonLinearControl/images/FL_ControlScheme .png, id=181, 503.481pt x 208.3785pt>
File: NonLinearControl/images/FL_ControlScheme .png Graphic file (type png)
<use NonLinearControl/images/FL_ControlScheme .png>
Package pdftex.def Info: NonLinearControl/images/FL_ControlScheme .png  used on input line 244.
(pdftex.def)             Requested size: 352.4343pt x 145.86394pt.
[34]
Overfull \hbox (48.80263pt too wide) in paragraph at lines 252--253
[]\T1/cmr/bx/n/12 State trans-for-ma-tion\T1/cmr/m/n/12 : is ob-tained by ap-ply-ing $\OML/cmm/m/it/12 ^^V \OT1/cmr/m/n/12 = (\OML/cmm/m/it/12 y; []; :::; y[]\OT1/cmr/m/n/12 ) = (\OML/cmm/m/it/12 h\OT1/cmr/m/n/12 (\OML/cmm/m/it/12 x\OT1/cmr/m/n/12 )\OML/cmm/m/it/12 ; L[]h\OT1/cmr/m/n/12 (\OML/cmm/m/it/12 x\OT1/cmr/m/n/12 )\OML/cmm/m/it/12 ; :::; L[]h\OT1/cmr/m/n/12 (\OML/cmm/m/it/12 x\OT1/cmr/m/n/12 ))$ 
 []

) [35 <./NonLinearControl/images/FL_ControlScheme .png>]
Chapter 7.
(./NonLinearControl/Ch7_SMC.tex
<NonLinearControl/images/FL_tracking.png, id=189, 552.26324pt x 230.66174pt>
File: NonLinearControl/images/FL_tracking.png Graphic file (type png)
<use NonLinearControl/images/FL_tracking.png>
Package pdftex.def Info: NonLinearControl/images/FL_tracking.png  used on input line 13.
(pdftex.def)             Requested size: 386.58163pt x 161.4621pt.

Underfull \hbox (badness 10000) in paragraph at lines 25--28

 []

[36

 <./NonLinearControl/images/FL_tracking.png>]
Underfull \hbox (badness 10000) in paragraph at lines 29--30

 []


Underfull \hbox (badness 6001) in paragraph at lines 41--42
[]\T1/cmr/m/n/12 the co-ef-fi-cients $\OML/cmm/m/it/12 k[] \OMS/cmsy/m/n/12 2 \U/msb/m/n/12 R$ \T1/cmr/m/n/12 are cho-sen so that the roots of the poly-no-mial
 []


Underfull \hbox (badness 10000) in paragraph at lines 47--48

 []

<NonLinearControl/images/SMC.png, id=195, 564.30824pt x 280.04625pt>
File: NonLinearControl/images/SMC.png Graphic file (type png)
<use NonLinearControl/images/SMC.png>
Package pdftex.def Info: NonLinearControl/images/SMC.png  used on input line 59.
(pdftex.def)             Requested size: 395.01306pt x 196.03102pt.

LaTeX Warning: `h' float specifier changed to `ht'.


Underfull \hbox (badness 10000) in paragraph at lines 64--65

 []

[37]
Underfull \hbox (badness 10000) in paragraph at lines 109--110

 []

[38 <./NonLinearControl/images/SMC.png>]
<NonLinearControl/images/Chattering.png, id=203, 378.41376pt x 340.27126pt>
File: NonLinearControl/images/Chattering.png Graphic file (type png)
<use NonLinearControl/images/Chattering.png>
Package pdftex.def Info: NonLinearControl/images/Chattering.png  used on input line 113.
(pdftex.def)             Requested size: 264.88782pt x 238.18825pt.
<NonLinearControl/images/sigmoids.png, id=204, 392.667pt x 213.79875pt>
File: NonLinearControl/images/sigmoids.png Graphic file (type png)
<use NonLinearControl/images/sigmoids.png>
Package pdftex.def Info: NonLinearControl/images/sigmoids.png  used on input line 128.
(pdftex.def)             Requested size: 392.66605pt x 213.79822pt.
 [39 <./NonLinearControl/images/Chattering.png> <./NonLinearControl/images/sigmoids.png>]
<NonLinearControl/images/SMC_ControlScheme.png, id=210, 677.53125pt x 251.13824pt>
File: NonLinearControl/images/SMC_ControlScheme.png Graphic file (type png)
<use NonLinearControl/images/SMC_ControlScheme.png>
Package pdftex.def Info: NonLinearControl/images/SMC_ControlScheme.png  used on input line 148.
(pdftex.def)             Requested size: 406.52188pt x 150.68411pt.

Underfull \hbox (badness 10000) in paragraph at lines 160--162

 []


Underfull \hbox (badness 10000) in paragraph at lines 163--165

 []

[40 <./NonLinearControl/images/SMC_ControlScheme.png>]
<NonLinearControl/images/SMC_Tracking.png, id=215, 717.27975pt x 278.84175pt>
File: NonLinearControl/images/SMC_Tracking.png Graphic file (type png)
<use NonLinearControl/images/SMC_Tracking.png>
Package pdftex.def Info: NonLinearControl/images/SMC_Tracking.png  used on input line 170.
(pdftex.def)             Requested size: 502.0924pt x 195.18788pt.

Overfull \hbox (18.39554pt too wide) in paragraph at lines 170--171
 [][] 
 []

[41 <./NonLinearControl/images/SMC_Tracking.png>]) [42]
Chapter 8.
(./NonLinearControl/Ch8_NonlinearMPC.tex [43

]
LaTeX Font Info:    Trying to load font information for T1+cmtt on input line 46.
 (c:/texlive/2023/texmf-dist/tex/latex/base/t1cmtt.fd
File: t1cmtt.fd 2023/04/13 v2.5m Standard LaTeX font definitions
)
Underfull \hbox (badness 10000) in paragraph at lines 49--50

 []


Underfull \hbox (badness 10000) in paragraph at lines 73--74

 []

[44] [45] [46]
Underfull \hbox (badness 10000) in paragraph at lines 186--188

 []

[47]
<NonLinearControl/images/NMPC_graph.png, id=241, 587.796pt x 539.616pt>
File: NonLinearControl/images/NMPC_graph.png Graphic file (type png)
<use NonLinearControl/images/NMPC_graph.png>
Package pdftex.def Info: NonLinearControl/images/NMPC_graph.png  used on input line 225.
(pdftex.def)             Requested size: 352.68031pt x 323.7721pt.

Underfull \hbox (badness 10000) in paragraph at lines 230--231

 []


Underfull \hbox (badness 10000) in paragraph at lines 255--257

 []

[48 <./NonLinearControl/images/NMPC_graph.png>]
<NonLinearControl/images/NMPC_CtrlScheme.png, id=248, 506.49225pt x 186.6975pt>
File: NonLinearControl/images/NMPC_CtrlScheme.png Graphic file (type png)
<use NonLinearControl/images/NMPC_CtrlScheme.png>
Package pdftex.def Info: NonLinearControl/images/NMPC_CtrlScheme.png  used on input line 282.
(pdftex.def)             Requested size: 506.49101pt x 186.69704pt.

Overfull \hbox (22.79414pt too wide) in paragraph at lines 282--283
 [][] 
 []


Underfull \hbox (badness 10000) in paragraph at lines 296--297

 []

[49 <./NonLinearControl/images/NMPC_CtrlScheme.png>]) [50]
Chapter 9.
[51

] [52

]
Chapter 10.
[53

]
Chapter 11.
[54

]
Chapter 12.
[55

]
Chapter 13.
[56

]
Chapter 14.
[57

] (./main.aux)
 ***********
LaTeX2e <2023-11-01> patch level 1
L3 programming layer <2024-02-20>
 ***********


LaTeX Warning: There were multiply-defined labels.

 ) 
Here is how much of TeX's memory you used:
 22380 strings out of 474116
 447591 string characters out of 5747718
 1947190 words of memory out of 5000000
 44294 multiletter control sequences out of 15000+600000
 582054 words of font info for 90 fonts, out of 8000000 for 9000
 1141 hyphenation exceptions out of 8191
 94i,21n,93p,2496b,763s stack positions out of 10000i,1000n,20000p,200000b,200000s
<c:/texlive/2023/texmf-dist/fonts/type1/public/amsfonts/cm/cmbx12.pfb><c:/texlive/2023/texmf-dist/fonts/type1/public/amsfonts/cm/cmbx8.pfb><c:/texlive/2023/texmf-dist/fonts/type1/public/amsfonts/cm/cmex10.pfb><c:/texlive/2023/texmf-dist/fonts/type1/public/amsfonts/cm/cmmi10.pfb><c:/texlive/2023/texmf-dist/fonts/type1/public/amsfonts/cm/cmmi12.pfb><c:/texlive/2023/texmf-dist/fonts/type1/public/amsfonts/cm/cmmi6.pfb><c:/texlive/2023/texmf-dist/fonts/type1/public/amsfonts/cm/cmmi7.pfb><c:/texlive/2023/texmf-dist/fonts/type1/public/amsfonts/cm/cmmi8.pfb><c:/texlive/2023/texmf-dist/fonts/type1/public/amsfonts/cm/cmr10.pfb><c:/texlive/2023/texmf-dist/fonts/type1/public/amsfonts/cm/cmr12.pfb><c:/texlive/2023/texmf-dist/fonts/type1/public/amsfonts/cm/cmr6.pfb><c:/texlive/2023/texmf-dist/fonts/type1/public/amsfonts/cm/cmr7.pfb><c:/texlive/2023/texmf-dist/fonts/type1/public/amsfonts/cm/cmr8.pfb><c:/texlive/2023/texmf-dist/fonts/type1/public/amsfonts/cm/cmsy10.pfb><c:/texlive/2023/texmf-dist/fonts/type1/public/amsfonts/cm/cmsy8.pfb><c:/texlive/2023/texmf-dist/fonts/type1/public/amsfonts/symbols/msbm10.pfb><c:/texlive/2023/texmf-dist/fonts/type1/public/cm-super/sfbx1200.pfb><c:/texlive/2023/texmf-dist/fonts/type1/public/cm-super/sfbx1440.pfb><c:/texlive/2023/texmf-dist/fonts/type1/public/cm-super/sfbx1728.pfb><c:/texlive/2023/texmf-dist/fonts/type1/public/cm-super/sfbx2488.pfb><c:/texlive/2023/texmf-dist/fonts/type1/public/cm-super/sfcc1200.pfb><c:/texlive/2023/texmf-dist/fonts/type1/public/cm-super/sfrm1095.pfb><c:/texlive/2023/texmf-dist/fonts/type1/public/cm-super/sfrm1200.pfb><c:/texlive/2023/texmf-dist/fonts/type1/public/cm-super/sfrm1440.pfb><c:/texlive/2023/texmf-dist/fonts/type1/public/cm-super/sfrm1728.pfb><c:/texlive/2023/texmf-dist/fonts/type1/public/cm-super/sfti1200.pfb><c:/texlive/2023/texmf-dist/fonts/type1/public/cm-super/sfti2074.pfb><c:/texlive/2023/texmf-dist/fonts/type1/public/cm-super/sftt1200.pfb>
Output written on main.pdf (58 pages, 1661304 bytes).
PDF statistics:
 403 PDF objects out of 1000 (max. 8388607)
 222 compressed objects within 3 object streams
 0 named destinations out of 1000 (max. 500000)
 173 words of extra memory for PDF output out of 10000 (max. 10000000)

