\BOOKMARK [-1][-]{part.1}{\376\377\000I\000\040\000N\000o\000n\000\040\000l\000i\000n\000e\000a\000r\000\040\000m\000o\000d\000e\000l\000i\000n\000g\000\040\000a\000n\000d\000\040\000c\000o\000n\000t\000r\000o\000l}{}% 1
\BOOKMARK [0][-]{chapter.1}{\376\377\000I\000n\000t\000r\000o\000d\000u\000c\000t\000i\000o\000n}{part.1}% 2
\BOOKMARK [1][-]{section.1.1}{\376\377\000D\000y\000n\000a\000m\000i\000c\000\040\000S\000y\000s\000t\000e\000m\000s\000,\000\040\000V\000a\000r\000i\000a\000b\000l\000e\000s\000,\000\040\000S\000i\000g\000n\000a\000l\000s}{chapter.1}% 3
\BOOKMARK [1][-]{section.1.2}{\376\377\000G\000e\000n\000e\000r\000a\000l\000\040\000c\000o\000n\000s\000i\000d\000e\000r\000a\000t\000i\000o\000n\000s}{chapter.1}% 4
\BOOKMARK [1][-]{section.1.3}{\376\377\000S\000t\000a\000t\000e\000\040\000e\000q\000u\000a\000t\000i\000o\000n\000s}{chapter.1}% 5
\BOOKMARK [1][-]{section.1.4}{\376\377\000C\000l\000a\000s\000s\000i\000f\000i\000c\000a\000t\000i\000o\000n\000s\000\040\000o\000f\000\040\000d\000y\000n\000a\000m\000i\000c\000a\000l\000\040\000s\000y\000s\000t\000e\000m\000s}{chapter.1}% 6
\BOOKMARK [0][-]{chapter.2}{\376\377\000S\000t\000a\000b\000i\000l\000i\000t\000y\000\040\000c\000o\000n\000c\000e\000p\000t\000s}{part.1}% 7
\BOOKMARK [1][-]{section.2.1}{\376\377\000S\000o\000m\000e\000\040\000d\000e\000f\000i\000n\000i\000t\000i\000o\000n\000s}{chapter.2}% 8
\BOOKMARK [2][-]{subsection.2.1.1}{\376\377\000M\000a\000r\000g\000i\000n\000a\000l\000\040\000S\000t\000a\000b\000i\000l\000i\000t\000y}{section.2.1}% 9
\BOOKMARK [2][-]{subsection.2.1.2}{\376\377\000A\000s\000i\000m\000p\000t\000o\000t\000i\000c\000a\000l\000\040\000S\000t\000a\000b\000i\000l\000i\000t\000y}{section.2.1}% 10
\BOOKMARK [2][-]{subsection.2.1.3}{\376\377\000U\000n\000s\000t\000a\000b\000i\000l\000i\000t\000y}{section.2.1}% 11
\BOOKMARK [1][-]{section.2.2}{\376\377\000E\000q\000u\000i\000l\000i\000b\000r\000i\000u\000m\000\040\000p\000o\000i\000n\000t\000\040\000o\000f\000\040\000a\000\040\000s\000y\000s\000t\000e\000m}{chapter.2}% 12
\BOOKMARK [2][-]{subsection.2.2.1}{\376\377\000E\000q\000u\000i\000l\000i\000b\000r\000i\000u\000m\000\040\000p\000o\000i\000n\000t}{section.2.2}% 13
\BOOKMARK [2][-]{subsection.2.2.2}{\376\377\000S\000t\000a\000b\000i\000l\000i\000t\000y\000\040\000o\000f\000\040\000t\000h\000e\000\040\000e\000q\000u\000i\000l\000i\000b\000r\000i\000u\000m\000\040\000p\000o\000i\000n\000t}{section.2.2}% 14
\BOOKMARK [1][-]{section.2.3}{\376\377\000P\000a\000r\000t\000i\000c\000u\000l\000a\000r\000\040\000c\000a\000s\000e\000:\000\040\000S\000t\000a\000b\000i\000l\000i\000t\000y\000\040\000o\000f\000\040\000L\000T\000I\000\040\000s\000y\000s\000t\000e\000m\000s}{chapter.2}% 15
\BOOKMARK [0][-]{chapter.3}{\376\377\000B\000e\000h\000a\000v\000i\000o\000u\000r\000\040\000o\000f\000\040\000N\000o\000n\000\040\000L\000i\000n\000e\000a\000r\000\040\000s\000y\000s\000t\000e\000m\000s}{part.1}% 16
\BOOKMARK [1][-]{section.3.1}{\376\377\000P\000h\000a\000s\000e\000\040\000p\000l\000a\000n\000e\000\040\000p\000o\000r\000t\000r\000a\000i\000t}{chapter.3}% 17
\BOOKMARK [2][-]{subsection.3.1.1}{\376\377\000S\000i\000n\000g\000u\000l\000a\000r\000\040\000P\000o\000i\000n\000t\000s}{section.3.1}% 18
\BOOKMARK [2][-]{subsection.3.1.2}{\376\377\000M\000e\000t\000h\000o\000d\000s\000\040\000t\000o\000\040\000d\000r\000a\000w\000\040\000p\000h\000a\000s\000e\000\040\000p\000o\000r\000t\000r\000a\000i\000t}{section.3.1}% 19
\BOOKMARK [1][-]{section.3.2}{\376\377\000B\000e\000h\000a\000v\000i\000o\000u\000r\000\040\000o\000f\000\040\000L\000T\000I\000\040\000s\000y\000s\000t\000e\000m\000s}{chapter.3}% 20
\BOOKMARK [1][-]{section.3.3}{\376\377\000N\000o\000n\000\040\000l\000i\000n\000e\000a\000r\000\040\000c\000a\000s\000e}{chapter.3}% 21
\BOOKMARK [2][-]{subsection.3.3.1}{\376\377\000M\000u\000l\000t\000i\000p\000l\000e\000\040\000i\000s\000o\000l\000a\000t\000e\000d\000\040\000e\000q\000u\000i\000l\000i\000b\000r\000i\000u\000m\000\040\000p\000o\000i\000n\000t\000s}{section.3.3}% 22
\BOOKMARK [2][-]{subsection.3.3.2}{\376\377\000L\000i\000m\000i\000t\000\040\000c\000y\000c\000l\000e\000s}{section.3.3}% 23
\BOOKMARK [2][-]{subsection.3.3.3}{\376\377\000B\000i\000f\000u\000r\000c\000a\000t\000i\000o\000n\000s}{section.3.3}% 24
\BOOKMARK [2][-]{subsection.3.3.4}{\376\377\000F\000i\000n\000i\000t\000e\000\040\000e\000s\000c\000a\000p\000e\000\040\000t\000i\000m\000e}{section.3.3}% 25
\BOOKMARK [1][-]{section.3.4}{\376\377\000C\000h\000a\000o\000t\000i\000c\000\040\000s\000y\000s\000t\000e\000m\000s}{chapter.3}% 26
\BOOKMARK [0][-]{chapter.4}{\376\377\000L\000y\000a\000p\000u\000n\000o\000v\000\040\000m\000e\000t\000h\000o\000d\000s\000\040\000f\000o\000r\000\040\000n\000o\000n\000\040\000l\000i\000n\000e\000a\000r\000\040\000s\000y\000s\000t\000e\000m\000s}{part.1}% 27
\BOOKMARK [1][-]{section.4.1}{\376\377\000L\000i\000n\000e\000a\000r\000i\000z\000a\000t\000i\000o\000n\000\040\000m\000e\000t\000h\000o\000d\000\040\000\050\000L\000M\000\051}{chapter.4}% 28
\BOOKMARK [2][-]{subsection.4.1.1}{\376\377\000S\000t\000a\000b\000i\000l\000i\000t\000y\000\040\000o\000f\000\040\000a\000n\000\040\000e\000q\000u\000i\000l\000i\000b\000r\000i\000u\000m\000\040\000p\000o\000i\000n\000t}{section.4.1}% 29
\BOOKMARK [1][-]{section.4.2}{\376\377\000L\000y\000a\000p\000u\000n\000o\000v\000\040\000D\000i\000r\000e\000c\000t\000\040\000M\000e\000t\000h\000o\000d\000\040\000\050\000D\000M\000\051}{chapter.4}% 30
\BOOKMARK [1][-]{section.4.3}{\376\377\000A\000n\000\040\000E\000x\000a\000m\000p\000l\000e\000:\000\040\000T\000h\000e\000\040\000p\000e\000n\000d\000u\000l\000u\000m}{chapter.4}% 31
\BOOKMARK [0][-]{chapter.5}{\376\377\000I\000n\000t\000r\000o\000d\000u\000c\000t\000i\000o\000n\000\040\000t\000o\000\040\000N\000o\000n\000\040\000L\000i\000n\000e\000a\000r\000\040\000C\000o\000n\000t\000r\000o\000l}{part.1}% 32
\BOOKMARK [1][-]{section.5.1}{\376\377\000N\000o\000n\000\040\000l\000i\000n\000e\000a\000r\000\040\000S\000t\000a\000b\000i\000l\000i\000z\000a\000t\000i\000o\000n\000\040\000a\000n\000d\000\040\000T\000r\000a\000c\000k\000i\000n\000g}{chapter.5}% 33
\BOOKMARK [1][-]{section.5.2}{\376\377\000S\000p\000e\000c\000i\000f\000y\000i\000n\000g\000\040\000t\000h\000e\000\040\000d\000e\000s\000i\000r\000e\000d\000\040\000b\000e\000h\000a\000v\000i\000o\000u\000r}{chapter.5}% 34
\BOOKMARK [1][-]{section.5.3}{\376\377\000A\000\040\000g\000e\000n\000e\000r\000a\000l\000\040\000p\000r\000o\000c\000e\000d\000u\000r\000e\000\040\000f\000o\000r\000\040\000C\000o\000n\000t\000r\000o\000l\000\040\000D\000e\000s\000i\000g\000n}{chapter.5}% 35
\BOOKMARK [1][-]{section.5.4}{\376\377\000A\000v\000a\000i\000l\000a\000b\000l\000e\000\040\000m\000e\000t\000h\000o\000d\000s\000\040\000f\000o\000r\000\040\000n\000o\000n\000l\000i\000n\000e\000a\000r\000\040\000c\000o\000n\000t\000r\000o\000l\000l\000e\000r\000s}{chapter.5}% 36
\BOOKMARK [2][-]{subsection.5.4.1}{\376\377\000T\000r\000i\000a\000l\000\040\000a\000n\000d\000\040\000e\000r\000r\000o\000r}{section.5.4}% 37
\BOOKMARK [2][-]{subsection.5.4.2}{\376\377\000F\000e\000e\000d\000b\000a\000c\000k\000\040\000l\000i\000n\000e\000a\000r\000i\000z\000a\000t\000i\000o\000n}{section.5.4}% 38
\BOOKMARK [2][-]{subsection.5.4.3}{\376\377\000R\000o\000b\000u\000s\000t\000\040\000c\000o\000n\000t\000r\000o\000l}{section.5.4}% 39
\BOOKMARK [2][-]{subsection.5.4.4}{\376\377\000A\000d\000a\000p\000t\000i\000v\000e\000\040\000c\000o\000n\000t\000r\000o\000l}{section.5.4}% 40
\BOOKMARK [2][-]{subsection.5.4.5}{\376\377\000G\000a\000i\000n\000\040\000s\000c\000h\000e\000d\000u\000l\000i\000n\000g}{section.5.4}% 41
\BOOKMARK [0][-]{chapter.6}{\376\377\000M\000e\000t\000h\000o\000d\000\050\0001\000\051\000:\000\040\000F\000e\000e\000d\000b\000a\000c\000k\000\040\000l\000i\000n\000e\000a\000r\000i\000z\000a\000t\000i\000o\000n}{part.1}% 42
\BOOKMARK [1][-]{section.6.1}{\376\377\000L\000i\000e\000\040\000d\000e\000r\000i\000v\000a\000t\000i\000v\000e\000s}{chapter.6}% 43
\BOOKMARK [1][-]{section.6.2}{\376\377\000I\000n\000p\000u\000t\000-\000O\000u\000t\000p\000u\000t\000\040\000l\000i\000n\000e\000a\000r\000i\000z\000a\000t\000i\000o\000n}{chapter.6}% 44
\BOOKMARK [2][-]{subsection.6.2.1}{\376\377\000R\000e\000l\000a\000t\000i\000v\000e\000\040\000d\000e\000g\000r\000e\000e}{section.6.2}% 45
\BOOKMARK [2][-]{subsection.6.2.2}{\376\377\000N\000o\000r\000m\000a\000l\000\040\000f\000o\000r\000m}{section.6.2}% 46
\BOOKMARK [2][-]{subsection.6.2.3}{\376\377\000Z\000e\000r\000o\000\040\000d\000y\000n\000a\000m\000i\000c\000s}{section.6.2}% 47
\BOOKMARK [2][-]{subsection.6.2.4}{\376\377\000F\000i\000r\000s\000t\000\040\000c\000o\000n\000t\000r\000o\000l\000\040\000p\000r\000o\000b\000l\000e\000m\000:\000\040\000R\000e\000g\000u\000l\000a\000t\000i\000o\000n}{section.6.2}% 48
\BOOKMARK [2][-]{subsection.6.2.5}{\376\377\000S\000e\000c\000o\000n\000d\000\040\000c\000o\000n\000t\000r\000o\000l\000\040\000p\000r\000o\000b\000l\000e\000m\000:\000\040\000T\000r\000a\000c\000k\000i\000n\000g}{section.6.2}% 49
\BOOKMARK [2][-]{subsection.6.2.6}{\376\377\000C\000o\000n\000t\000r\000o\000l\000\040\000s\000c\000h\000e\000m\000e}{section.6.2}% 50
\BOOKMARK [1][-]{section.6.3}{\376\377\000D\000i\000s\000c\000u\000s\000s\000i\000o\000n}{chapter.6}% 51
\BOOKMARK [0][-]{chapter.7}{\376\377\000M\000e\000t\000h\000o\000d\000\050\0002\000\051\000:\000\040\000S\000l\000i\000d\000i\000n\000g\000\040\000m\000o\000d\000e\000\040\000c\000o\000n\000t\000r\000o\000l}{part.1}% 52
\BOOKMARK [1][-]{section.7.1}{\376\377\000B\000e\000h\000a\000v\000i\000o\000u\000r\000\040\000o\000n\000\040\000t\000h\000e\000\040\000s\000l\000i\000d\000i\000n\000g\000\040\000s\000u\000r\000f\000a\000c\000e}{chapter.7}% 53
\BOOKMARK [2][-]{subsection.7.1.1}{\376\377\000I\000n\000v\000a\000r\000i\000a\000n\000c\000e\000\040\000o\000f\000\040\000t\000h\000e\000\040\000S\000l\000i\000d\000i\000n\000g\000\040\000s\000u\000r\000f\000a\000c\000e}{section.7.1}% 54
\BOOKMARK [2][-]{subsection.7.1.2}{\376\377\000A\000t\000t\000r\000a\000c\000t\000i\000v\000e\000n\000e\000s\000s\000\040\000o\000f\000\040\000t\000h\000e\000\040\000S\000l\000i\000d\000i\000n\000g\000\040\000s\000u\000r\000f\000a\000c\000e}{section.7.1}% 55
\BOOKMARK [2][-]{subsection.7.1.3}{\376\377\000C\000h\000a\000t\000t\000e\000r\000i\000n\000g}{section.7.1}% 56
\BOOKMARK [1][-]{section.7.2}{\376\377\000C\000o\000m\000p\000a\000r\000i\000s\000o\000n\000\040\000w\000i\000t\000h\000\040\000f\000e\000e\000d\000b\000a\000c\000k\000\040\000l\000i\000n\000e\000a\000r\000i\000z\000a\000t\000i\000o\000n}{chapter.7}% 57
\BOOKMARK [1][-]{section.7.3}{\376\377\000C\000o\000n\000t\000r\000o\000l\000\040\000S\000c\000h\000e\000m\000e}{chapter.7}% 58
\BOOKMARK [1][-]{section.7.4}{\376\377\000R\000o\000b\000u\000s\000t\000n\000e\000s\000s\000\040\000p\000r\000o\000p\000e\000r\000t\000i\000e\000s}{chapter.7}% 59
\BOOKMARK [1][-]{section.7.5}{\376\377\000G\000u\000i\000d\000e\000l\000i\000n\000e\000s\000\040\000f\000o\000r\000\040\000t\000h\000e\000\040\000c\000h\000o\000i\000c\000e\000\040\000o\000f\000\040\000t\000h\000e\000\040\000S\000M\000\040\000p\000a\000r\000a\000m\000e\000t\000e\000r\000s}{chapter.7}% 60
\BOOKMARK [1][-]{section.7.6}{\376\377\000D\000i\000s\000c\000u\000s\000s\000i\000o\000n}{chapter.7}% 61
\BOOKMARK [0][-]{chapter.8}{\376\377\000M\000e\000t\000h\000o\000d\000\050\0004\000\051\000:\000\040\000N\000o\000n\000\040\000l\000i\000n\000e\000a\000r\000\040\000M\000o\000d\000e\000l\000\040\000p\000r\000e\000d\000i\000c\000t\000i\000v\000e\000\040\000c\000o\000n\000t\000r\000o\000l\000\040\000\050\000N\000M\000P\000C\000\051}{part.1}% 62
\BOOKMARK [1][-]{section.8.1}{\376\377\000M\000a\000t\000h\000\040\000t\000o\000o\000l\000s}{chapter.8}% 63
\BOOKMARK [2][-]{subsection.8.1.1}{\376\377\000V\000e\000c\000t\000o\000r\000\040\000a\000n\000d\000\040\000s\000i\000g\000n\000a\000l\000\040\000n\000o\000r\000m\000s}{section.8.1}% 64
\BOOKMARK [2][-]{subsection.8.1.2}{\376\377\000O\000p\000t\000i\000m\000i\000z\000a\000t\000i\000o\000n}{section.8.1}% 65
\BOOKMARK [1][-]{section.8.2}{\376\377\000I\000n\000t\000r\000o\000d\000u\000c\000t\000i\000o\000n\000\040\000t\000o\000\040\000N\000M\000P\000C}{chapter.8}% 66
\BOOKMARK [1][-]{section.8.3}{\376\377\000F\000i\000r\000s\000t\000\040\000s\000t\000e\000p\000:\000\040\000P\000r\000e\000d\000i\000c\000t\000i\000o\000n}{chapter.8}% 67
\BOOKMARK [1][-]{section.8.4}{\376\377\000S\000e\000c\000o\000n\000d\000\040\000s\000t\000e\000p\000:\000\040\000O\000p\000t\000i\000m\000i\000z\000a\000t\000i\000o\000n}{chapter.8}% 68
\BOOKMARK [1][-]{section.8.5}{\376\377\000R\000e\000c\000i\000d\000i\000n\000g\000\040\000H\000o\000r\000i\000z\000o\000n}{chapter.8}% 69
\BOOKMARK [1][-]{section.8.6}{\376\377\000C\000l\000o\000s\000e\000d\000-\000l\000o\000o\000p\000\040\000s\000c\000h\000e\000m\000e}{chapter.8}% 70
\BOOKMARK [1][-]{section.8.7}{\376\377\000N\000M\000P\000C\000\040\000d\000e\000s\000i\000g\000n}{chapter.8}% 71
\BOOKMARK [2][-]{subsection.8.7.1}{\376\377\000C\000h\000o\000i\000c\000e\000\040\000o\000f\000\040\000t\000h\000e\000\040\000p\000a\000r\000a\000m\000e\000t\000e\000r\000s}{section.8.7}% 72
\BOOKMARK [2][-]{subsection.8.7.2}{\376\377\000C\000h\000o\000i\000c\000e\000\040\000o\000f\000\040\000t\000h\000e\000\040\000w\000e\000i\000g\000h\000t\000\040\000m\000a\000t\000r\000i\000c\000e\000s}{section.8.7}% 73
\BOOKMARK [1][-]{section.8.8}{\376\377\000D\000i\000s\000c\000u\000s\000s\000i\000o\000n}{chapter.8}% 74
\BOOKMARK [0][-]{chapter.9}{\376\377\000K\000a\000l\000m\000a\000n\000\040\000F\000i\000l\000t\000e\000r\000s}{part.1}% 75
\BOOKMARK [1][-]{section.9.1}{\376\377\000L\000i\000n\000e\000a\000r\000\040\000K\000a\000l\000m\000a\000n\000\040\000F\000i\000l\000t\000e\000r}{chapter.9}% 76
\BOOKMARK [2][-]{subsection.9.1.1}{\376\377\000L\000i\000n\000e\000a\000r\000\040\000T\000i\000m\000e\000\040\000I\000n\000v\000a\000r\000i\000a\000n\000t\000\040\000c\000a\000s\000e\000\040\000\050\000L\000T\000I\000\051}{section.9.1}% 77
\BOOKMARK [1][-]{section.9.2}{\376\377\000E\000x\000t\000e\000n\000d\000e\000d\000\040\000K\000a\000l\000m\000a\000n\000\040\000F\000i\000l\000t\000e\000r\000\040\000\050\000E\000K\000F\000\051}{chapter.9}% 78
\BOOKMARK [2][-]{subsection.9.2.1}{\376\377\000D\000i\000s\000c\000u\000s\000s\000i\000o\000n}{section.9.2}% 79
\BOOKMARK [1][-]{section.9.3}{\376\377\000A\000p\000p\000l\000i\000c\000a\000t\000i\000o\000n\000:\000\040\000S\000p\000a\000c\000e\000c\000r\000a\000f\000t\000\040\000a\000t\000t\000i\000t\000u\000d\000e\000\040\000d\000e\000t\000e\000r\000m\000i\000n\000a\000t\000i\000o\000n}{chapter.9}% 80
\BOOKMARK [-1][-]{part.2}{\376\377\000I\000I\000\040\000A\000e\000r\000o\000s\000p\000a\000c\000e\000\040\000a\000p\000p\000l\000i\000c\000a\000t\000i\000o\000n\000s}{}% 81
\BOOKMARK [0][-]{chapter.10}{\376\377\000I\000n\000t\000r\000o\000d\000u\000c\000t\000i\000o\000n}{part.2}% 82
\BOOKMARK [0][-]{chapter.11}{\376\377\000A\000t\000t\000i\000t\000u\000d\000e\000\040\000k\000i\000n\000e\000m\000a\000t\000i\000c\000s\000\040\000a\000n\000d\000\040\000d\000y\000n\000a\000m\000i\000c\000s}{part.2}% 83
\BOOKMARK [1][-]{section.11.1}{\376\377\000R\000o\000t\000a\000t\000i\000o\000n\000s}{chapter.11}% 84
\BOOKMARK [2][-]{subsection.11.1.1}{\376\377\000R\000e\000f\000e\000r\000e\000n\000c\000e\000\040\000f\000r\000a\000m\000e\000s\000\040\000\050\000R\000F\000\051}{section.11.1}% 85
\BOOKMARK [2][-]{subsection.11.1.2}{\376\377\000D\000i\000r\000e\000c\000t\000i\000o\000n\000\040\000c\000o\000s\000i\000n\000e\000\040\000m\000a\000t\000r\000i\000c\000e\000s\000\040\000\050\000D\000C\000M\000\051}{section.11.1}% 86
\BOOKMARK [2][-]{subsection.11.1.3}{\376\377\000E\000u\000l\000e\000r\000\040\000a\000n\000g\000l\000e\000s}{section.11.1}% 87
\BOOKMARK [2][-]{subsection.11.1.4}{\376\377\000R\000o\000t\000a\000t\000i\000o\000n\000\040\000m\000a\000t\000r\000i\000c\000e\000s\000\040\000g\000e\000n\000e\000r\000a\000l\000\040\000p\000r\000o\000p\000e\000r\000t\000i\000e\000s}{section.11.1}% 88
\BOOKMARK [2][-]{subsection.11.1.5}{\376\377\000E\000u\000l\000e\000r\000'\000s\000\040\000r\000o\000t\000a\000t\000i\000o\000n\000\040\000t\000h\000e\000o\000r\000e\000m}{section.11.1}% 89
\BOOKMARK [2][-]{subsection.11.1.6}{\376\377\000Q\000u\000a\000t\000e\000r\000n\000i\000o\000n\000s}{section.11.1}% 90
\BOOKMARK [2][-]{subsection.11.1.7}{\376\377\000D\000e\000s\000c\000r\000i\000b\000e\000\040\000r\000o\000t\000a\000t\000i\000o\000n\000s\000\040\000t\000h\000r\000o\000u\000g\000h\000\040\000q\000u\000a\000t\000e\000r\000n\000i\000o\000n\000s}{section.11.1}% 91
\BOOKMARK [1][-]{section.11.2}{\376\377\000A\000t\000t\000i\000t\000u\000d\000e\000\040\000k\000i\000n\000e\000m\000a\000t\000i\000c\000s}{chapter.11}% 92
\BOOKMARK [2][-]{subsection.11.2.1}{\376\377\000V\000e\000c\000t\000o\000r\000\040\000d\000e\000r\000i\000v\000a\000t\000i\000v\000e}{section.11.2}% 93
\BOOKMARK [2][-]{subsection.11.2.2}{\376\377\000E\000u\000l\000e\000r\000\040\000a\000n\000g\000l\000e\000s\000\040\000k\000i\000n\000e\000m\000a\000t\000i\000c}{section.11.2}% 94
\BOOKMARK [2][-]{subsection.11.2.3}{\376\377\000Q\000u\000a\000t\000e\000r\000n\000i\000o\000n\000\040\000k\000i\000n\000e\000m\000a\000t\000i\000c}{section.11.2}% 95
\BOOKMARK [2][-]{subsection.11.2.4}{\376\377\000D\000i\000s\000c\000u\000s\000s\000i\000o\000n}{section.11.2}% 96
\BOOKMARK [1][-]{section.11.3}{\376\377\000A\000t\000t\000i\000t\000u\000d\000e\000\040\000d\000y\000n\000a\000m\000i\000c\000s}{chapter.11}% 97
\BOOKMARK [2][-]{subsection.11.3.1}{\376\377\000A\000n\000g\000u\000l\000a\000r\000\040\000m\000o\000m\000e\000n\000t\000u\000m}{section.11.3}% 98
\BOOKMARK [2][-]{subsection.11.3.2}{\376\377\000I\000n\000e\000r\000t\000i\000a\000\040\000m\000a\000t\000r\000i\000x\000\040\000\050\000o\000\040\000t\000e\000n\000s\000o\000r\000\051}{section.11.3}% 99
\BOOKMARK [2][-]{subsection.11.3.3}{\376\377\000E\000u\000l\000e\000r\000\040\000m\000o\000m\000e\000n\000t\000u\000m\000\040\000e\000q\000u\000a\000t\000i\000o\000n\000s}{section.11.3}% 100
\BOOKMARK [1][-]{section.11.4}{\376\377\000F\000r\000e\000e\000\040\000r\000o\000t\000a\000t\000i\000o\000n\000a\000l\000\040\000m\000o\000t\000i\000o\000n}{chapter.11}% 101
\BOOKMARK [2][-]{subsection.11.4.1}{\376\377\000F\000r\000e\000e\000\040\000m\000o\000t\000i\000o\000n\000\040\000o\000f\000\040\000a\000\040\000s\000y\000m\000m\000e\000t\000r\000i\000c\000\040\000b\000o\000d\000y}{section.11.4}% 102
\BOOKMARK [2][-]{subsection.11.4.2}{\376\377\000F\000r\000e\000e\000\040\000m\000o\000t\000i\000o\000n\000\040\000o\000f\000\040\000a\000n\000\040\000a\000s\000y\000m\000m\000e\000t\000r\000i\000c\000\040\000b\000o\000d\000y}{section.11.4}% 103
\BOOKMARK [1][-]{section.11.5}{\376\377\000D\000y\000n\000a\000m\000i\000c\000-\000K\000i\000n\000e\000m\000a\000t\000i\000c\000\040\000e\000q\000u\000a\000t\000i\000o\000n\000s}{chapter.11}% 104
\BOOKMARK [2][-]{subsection.11.5.1}{\376\377\000D\000y\000n\000a\000m\000i\000c\000-\000K\000i\000n\000e\000m\000a\000t\000i\000c\000\040\000e\000q\000u\000a\000t\000i\000o\000n\000\040\000f\000o\000r\000\040\000T\000a\000i\000t\000-\000B\000r\000y\000a\000n\000\040\0003\0002\0001}{section.11.5}% 105
\BOOKMARK [2][-]{subsection.11.5.2}{\376\377\000D\000y\000n\000a\000m\000i\000c\000-\000K\000i\000n\000e\000m\000a\000t\000i\000c\000\040\000e\000q\000u\000a\000t\000i\000o\000n\000s\000\040\000f\000o\000r\000\040\000T\000a\000i\000t\000-\000B\000r\000y\000a\000n\000\040\0001\0002\0003}{section.11.5}% 106
\BOOKMARK [2][-]{subsection.11.5.3}{\376\377\000D\000y\000n\000a\000m\000i\000c\000-\000K\000i\000n\000e\000m\000a\000t\000i\000c\000\040\000e\000q\000u\000a\000t\000i\000o\000n\000s\000\040\000f\000o\000r\000\040\000P\000r\000o\000p\000e\000r\000-\000E\000u\000l\000e\000r\000\040\0003\0001\0003}{section.11.5}% 107
\BOOKMARK [2][-]{subsection.11.5.4}{\376\377\000D\000y\000n\000a\000m\000i\000c\000-\000K\000i\000n\000e\000m\000a\000t\000i\000c\000\040\000e\000q\000u\000a\000t\000i\000o\000n\000s\000\040\000f\000o\000r\000\040\000Q\000u\000a\000t\000e\000r\000n\000i\000o\000n\000s}{section.11.5}% 108
\BOOKMARK [0][-]{chapter.12}{\376\377\000A\000t\000t\000i\000t\000u\000d\000e\000\040\000c\000o\000n\000t\000r\000o\000l}{part.2}% 109
\BOOKMARK [1][-]{section.12.1}{\376\377\000S\000e\000n\000s\000o\000r\000s}{chapter.12}% 110
\BOOKMARK [1][-]{section.12.2}{\376\377\000A\000c\000t\000u\000a\000t\000o\000r\000s}{chapter.12}% 111
\BOOKMARK [1][-]{section.12.3}{\376\377\000C\000o\000n\000t\000r\000o\000l\000\040\000s\000y\000s\000t\000e\000m\000\040\000a\000p\000p\000r\000o\000a\000c\000h\000e\000s}{chapter.12}% 112
\BOOKMARK [1][-]{section.12.4}{\376\377\000A\000t\000t\000i\000t\000u\000d\000e\000\040\000c\000o\000n\000t\000r\000o\000l\000:\000\040\000a\000\040\000g\000e\000n\000e\000r\000a\000l\000\040\000s\000e\000t\000t\000i\000n\000g}{chapter.12}% 113
\BOOKMARK [1][-]{section.12.5}{\376\377\000F\000i\000r\000s\000t\000\040\000p\000r\000o\000b\000l\000e\000m\000:\000\040\000R\000e\000g\000u\000l\000a\000t\000i\000o\000n\000\040\000\050\000P\000D\000\040\000c\000o\000n\000t\000r\000o\000l\000\040\000l\000a\000w\000\051}{chapter.12}% 114
\BOOKMARK [1][-]{section.12.6}{\376\377\000S\000e\000c\000o\000n\000d\000\040\000p\000r\000o\000b\000l\000e\000m\000:\000\040\000T\000r\000a\000c\000k\000i\000n\000g\000\040\000\050\000S\000l\000i\000d\000i\000n\000g\000\040\000m\000o\000d\000e\000\040\000c\000o\000n\000t\000r\000o\000l\000\051}{chapter.12}% 115
\BOOKMARK [2][-]{subsection.12.6.1}{\376\377\000S\000l\000i\000d\000i\000n\000g\000\040\000m\000o\000d\000e\000\040\000c\000o\000n\000t\000r\000o\000l\000\040\000f\000o\000r\000\040\000a\000t\000t\000i\000t\000u\000d\000e\000\040\000t\000r\000a\000c\000k\000i\000n\000g}{section.12.6}% 116
\BOOKMARK [2][-]{subsection.12.6.2}{\376\377\000A\000n\000o\000t\000h\000e\000r\000\040\000s\000l\000i\000d\000i\000n\000g\000\040\000m\000o\000d\000e\000\040\000c\000o\000n\000t\000r\000o\000l\000\040\000l\000a\000w}{section.12.6}% 117
\BOOKMARK [0][-]{chapter.13}{\376\377\000O\000r\000b\000i\000t\000a\000l\000\040\000d\000y\000n\000a\000m\000i\000c\000s}{part.2}% 118
\BOOKMARK [1][-]{section.13.1}{\376\377\000F\000u\000n\000d\000a\000m\000e\000n\000t\000a\000l\000\040\000l\000a\000w\000s}{chapter.13}% 119
\BOOKMARK [2][-]{subsection.13.1.1}{\376\377\000K\000e\000p\000l\000e\000r\000'\000s\000\040\000l\000a\000w\000s}{section.13.1}% 120
\BOOKMARK [2][-]{subsection.13.1.2}{\376\377\000N\000e\000w\000t\000o\000n\000'\000s\000\040\000l\000a\000w\000s}{section.13.1}% 121
\BOOKMARK [1][-]{section.13.2}{\376\377\000T\000h\000e\000\040\000t\000w\000o\000-\000b\000o\000d\000y\000\040\000p\000r\000o\000b\000l\000e\000m}{chapter.13}% 122
\BOOKMARK [1][-]{section.13.3}{\376\377\000F\000r\000e\000e\000\040\000m\000o\000t\000i\000o\000n\000\040\000o\000f\000\040\000t\000h\000e\000\040\000r\000e\000s\000t\000r\000i\000c\000t\000e\000d\000\040\000t\000w\000o\000\040\000b\000o\000d\000y\000\040\000p\000r\000o\000b\000l\000e\000m}{chapter.13}% 123
\BOOKMARK [2][-]{subsection.13.3.1}{\376\377\000E\000n\000e\000r\000g\000y\000\040\000c\000o\000n\000s\000e\000r\000v\000a\000t\000i\000o\000n}{section.13.3}% 124
\BOOKMARK [2][-]{subsection.13.3.2}{\376\377\000A\000n\000g\000u\000l\000a\000r\000\040\000m\000o\000m\000e\000n\000t\000u\000m\000\040\000c\000o\000n\000s\000e\000r\000v\000a\000t\000i\000o\000n\000\040\000a\000n\000d\000\040\000p\000l\000a\000n\000a\000r\000\040\000m\000o\000t\000i\000o\000n}{section.13.3}% 125
\BOOKMARK [2][-]{subsection.13.3.3}{\376\377\000O\000r\000b\000i\000t\000\040\000e\000q\000u\000a\000t\000i\000o\000n\000\040\000\050\000O\000R\000E\000\051}{section.13.3}% 126
\BOOKMARK [1][-]{section.13.4}{\376\377\000O\000r\000b\000i\000t\000\040\000g\000e\000o\000m\000e\000t\000r\000y}{chapter.13}% 127
\BOOKMARK [2][-]{subsection.13.4.1}{\376\377\000E\000l\000l\000i\000p\000s\000e}{section.13.4}% 128
\BOOKMARK [2][-]{subsection.13.4.2}{\376\377\000P\000a\000r\000a\000b\000o\000l\000a}{section.13.4}% 129
\BOOKMARK [2][-]{subsection.13.4.3}{\376\377\000H\000y\000p\000e\000r\000b\000o\000l\000a}{section.13.4}% 130
\BOOKMARK [1][-]{section.13.5}{\376\377\000S\000t\000a\000t\000e\000\040\000e\000q\000u\000a\000t\000i\000o\000n\000s}{chapter.13}% 131
\BOOKMARK [0][-]{chapter.14}{\376\377\000O\000r\000b\000i\000t\000a\000l\000\040\000c\000o\000n\000t\000r\000o\000l}{part.2}% 132
